
2015-01-31 21:41:03|orderid[302299]|str[Buy100124222443022995000CNY账户充值订单http://tsinghuaren.net/yeepayss/callback.php0boos11]|hmac[beb7809e4126ce071dd6f776685d31cf]
2015-01-31 21:41:55|orderid[358406]|str[Buy100124222443584065CNY账户充值订单http://tsinghuaren.net/yeepayss/callback.php0boos11]|hmac[49fe726a9e577041c73f03df2608258a]
2015-01-31 21:42:56|orderid[636839]|str[Buy100124222446368391CNY账户充值订单http://tsinghuaren.net/yeepayss/callback.php0xiao1234561]|hmac[aa82daa92b7ea6d1d129ebefdda6ed08]
2015-01-31 21:43:10|orderid[358406]|str[10012422244Buy1117253287780134I5.0RMB账户充值358406boos11]|hmac[ea61b634ccfcc4ba22a3e6a9dec1a7a7]
2015-01-31 21:43:31|orderid[358406]|str[10012422244Buy1117253287780134I5.0RMB账户充值358406boos12]|hmac[60a88a743e44498b0c7b8dc87f7f4051]
2015-01-31 21:44:03|orderid[474855]|str[Buy10012422244474855100CNY账户充值订单http://tsinghuaren.net/yeepayss/callback.php0boos11]|hmac[2df08c01ec77820c65c41a94cd7733f3]
2015-01-31 21:44:50|orderid[358406]|str[10012422244Buy1117253287780134I5.0RMB账户充值358406boos12]|hmac[60a88a743e44498b0c7b8dc87f7f4051]
2015-01-31 21:45:11|orderid[474855]|str[10012422244Buy1818179216482762E100.0RMB账户充值474855boos11]|hmac[e23131f0eda58717eec59c25ec8ffb0d]
2015-01-31 21:44:37|orderid[474855]|str[10012422244Buy1818179216482762E100.0RMB账户充值474855boos12]|hmac[9fe101a336c1ef69cbbde21a88d3652b]
2015-01-31 21:44:50|orderid[0]|str[Buy1001242224400CNY账户充值订单http://tsinghuaren.net/yeepayss/callback.php01]|hmac[4a0b37066052cd0a09805c96288f1326]
2015-01-31 21:45:45|orderid[358406]|str[10012422244Buy1117253287780134I5.0RMB账户充值358406boos12]|hmac[60a88a743e44498b0c7b8dc87f7f4051]
2015-01-31 21:45:46|orderid[474855]|str[10012422244Buy1818179216482762E100.0RMB账户充值474855boos12]|hmac[9fe101a336c1ef69cbbde21a88d3652b]
2015-01-31 21:48:51|orderid[358406]|str[10012422244Buy1117253287780134I5.0RMB账户充值358406boos12]|hmac[60a88a743e44498b0c7b8dc87f7f4051]
2015-01-31 21:48:52|orderid[474855]|str[10012422244Buy1818179216482762E100.0RMB账户充值474855boos12]|hmac[9fe101a336c1ef69cbbde21a88d3652b]
2015-01-31 21:50:51|orderid[358406]|str[10012422244Buy1117253287780134I5.0RMB账户充值358406boos12]|hmac[60a88a743e44498b0c7b8dc87f7f4051]
2015-01-31 21:50:55|orderid[474855]|str[10012422244Buy1818179216482762E100.0RMB账户充值474855boos12]|hmac[9fe101a336c1ef69cbbde21a88d3652b]
2015-01-31 21:52:51|orderid[358406]|str[10012422244Buy1117253287780134I5.0RMB账户充值358406boos12]|hmac[60a88a743e44498b0c7b8dc87f7f4051]
2015-01-31 21:52:51|orderid[474855]|str[10012422244Buy1818179216482762E100.0RMB账户充值474855boos12]|hmac[9fe101a336c1ef69cbbde21a88d3652b]
2015-01-31 21:54:50|orderid[358406]|str[10012422244Buy1117253287780134I5.0RMB账户充值358406boos12]|hmac[60a88a743e44498b0c7b8dc87f7f4051]
2015-01-31 21:54:51|orderid[474855]|str[10012422244Buy1818179216482762E100.0RMB账户充值474855boos12]|hmac[9fe101a336c1ef69cbbde21a88d3652b]
2015-01-31 21:56:50|orderid[358406]|str[10012422244Buy1117253287780134I5.0RMB账户充值358406boos12]|hmac[60a88a743e44498b0c7b8dc87f7f4051]
2015-01-31 21:56:51|orderid[474855]|str[10012422244Buy1818179216482762E100.0RMB账户充值474855boos12]|hmac[9fe101a336c1ef69cbbde21a88d3652b]
2015-01-31 21:57:44|orderid[358406]|str[10012422244Buy1117253287780134I5.0RMB账户充值358406boos12]|hmac[60a88a743e44498b0c7b8dc87f7f4051]
2015-01-31 21:57:44|orderid[474855]|str[10012422244Buy1818179216482762E100.0RMB账户充值474855boos12]|hmac[9fe101a336c1ef69cbbde21a88d3652b]
2015-01-31 21:59:44|orderid[474855]|str[10012422244Buy1818179216482762E100.0RMB账户充值474855boos12]|hmac[9fe101a336c1ef69cbbde21a88d3652b]
2015-01-31 21:59:46|orderid[358406]|str[10012422244Buy1117253287780134I5.0RMB账户充值358406boos12]|hmac[60a88a743e44498b0c7b8dc87f7f4051]
2015-01-31 22:01:43|orderid[358406]|str[10012422244Buy1117253287780134I5.0RMB账户充值358406boos12]|hmac[60a88a743e44498b0c7b8dc87f7f4051]
2015-01-31 22:01:43|orderid[474855]|str[10012422244Buy1818179216482762E100.0RMB账户充值474855boos12]|hmac[9fe101a336c1ef69cbbde21a88d3652b]
2015-01-31 22:03:42|orderid[358406]|str[10012422244Buy1117253287780134I5.0RMB账户充值358406boos12]|hmac[60a88a743e44498b0c7b8dc87f7f4051]
2015-01-31 22:03:43|orderid[474855]|str[10012422244Buy1818179216482762E100.0RMB账户充值474855boos12]|hmac[9fe101a336c1ef69cbbde21a88d3652b]
2015-01-31 22:05:42|orderid[358406]|str[10012422244Buy1117253287780134I5.0RMB账户充值358406boos12]|hmac[60a88a743e44498b0c7b8dc87f7f4051]
2015-01-31 22:05:42|orderid[474855]|str[10012422244Buy1818179216482762E100.0RMB账户充值474855boos12]|hmac[9fe101a336c1ef69cbbde21a88d3652b]
2015-01-31 22:07:42|orderid[358406]|str[10012422244Buy1117253287780134I5.0RMB账户充值358406boos12]|hmac[60a88a743e44498b0c7b8dc87f7f4051]
2015-01-31 22:07:42|orderid[474855]|str[10012422244Buy1818179216482762E100.0RMB账户充值474855boos12]|hmac[9fe101a336c1ef69cbbde21a88d3652b]
2015-01-31 22:09:42|orderid[358406]|str[10012422244Buy1117253287780134I5.0RMB账户充值358406boos12]|hmac[60a88a743e44498b0c7b8dc87f7f4051]
2015-01-31 22:09:43|orderid[474855]|str[10012422244Buy1818179216482762E100.0RMB账户充值474855boos12]|hmac[9fe101a336c1ef69cbbde21a88d3652b]
2015-01-31 22:11:42|orderid[358406]|str[10012422244Buy1117253287780134I5.0RMB账户充值358406boos12]|hmac[60a88a743e44498b0c7b8dc87f7f4051]
2015-01-31 22:11:42|orderid[474855]|str[10012422244Buy1818179216482762E100.0RMB账户充值474855boos12]|hmac[9fe101a336c1ef69cbbde21a88d3652b]
2015-01-31 22:13:42|orderid[358406]|str[10012422244Buy1117253287780134I5.0RMB账户充值358406boos12]|hmac[60a88a743e44498b0c7b8dc87f7f4051]
2015-01-31 22:13:42|orderid[474855]|str[10012422244Buy1818179216482762E100.0RMB账户充值474855boos12]|hmac[9fe101a336c1ef69cbbde21a88d3652b]
2015-01-31 22:15:44|orderid[474855]|str[10012422244Buy1818179216482762E100.0RMB账户充值474855boos12]|hmac[9fe101a336c1ef69cbbde21a88d3652b]
2015-01-31 22:15:44|orderid[358406]|str[10012422244Buy1117253287780134I5.0RMB账户充值358406boos12]|hmac[60a88a743e44498b0c7b8dc87f7f4051]
2015-01-31 22:18:52|orderid[358406]|str[10012422244Buy1117253287780134I5.0RMB账户充值358406boos12]|hmac[60a88a743e44498b0c7b8dc87f7f4051]
2015-01-31 22:18:52|orderid[474855]|str[10012422244Buy1818179216482762E100.0RMB账户充值474855boos12]|hmac[9fe101a336c1ef69cbbde21a88d3652b]
2015-01-31 22:20:52|orderid[474855]|str[10012422244Buy1818179216482762E100.0RMB账户充值474855boos12]|hmac[9fe101a336c1ef69cbbde21a88d3652b]
2015-01-31 22:20:52|orderid[358406]|str[10012422244Buy1117253287780134I5.0RMB账户充值358406boos12]|hmac[60a88a743e44498b0c7b8dc87f7f4051]
2015-01-31 22:22:52|orderid[358406]|str[10012422244Buy1117253287780134I5.0RMB账户充值358406boos12]|hmac[60a88a743e44498b0c7b8dc87f7f4051]
2015-01-31 22:22:52|orderid[474855]|str[10012422244Buy1818179216482762E100.0RMB账户充值474855boos12]|hmac[9fe101a336c1ef69cbbde21a88d3652b]
2015-01-31 22:24:51|orderid[474855]|str[10012422244Buy1818179216482762E100.0RMB账户充值474855boos12]|hmac[9fe101a336c1ef69cbbde21a88d3652b]
2015-01-31 23:14:53|orderid[486445]|str[Buy10012422244486445200CNY账户充值订单http://tsinghuaren.net/yeepayss/callback.php0boos11]|hmac[182f35a9e77df013873d7869331c83ad]
2015-01-31 23:15:01|orderid[486445]|str[Buy10012422244486445200CNY账户充值订单http://tsinghuaren.net/yeepayss/callback.php0boos11]|hmac[182f35a9e77df013873d7869331c83ad]
2015-02-01 18:48:05|orderid[957630]|str[Buy10012422244957630200CNY账户充值订单http://tsinghuaren.net/yeepayss/callback.php0boos11]|hmac[01ab7e317db9c272705c095e58b13250]
2015-02-01 19:00:33|orderid[227758]|str[Buy100124222442277581CNY账户充值订单http://tsinghuaren.net/yeepayss/callback.php0xiao1234561]|hmac[e097cd55e83f4e3d645c4379c5c48ba6]
2015-02-01 19:02:03|orderid[227758]|str[10012422244Buy1868514825302302I1.0RMB账户充值227758xiao1234562]|hmac[6a64e554b6ea225f54b3d8b1e8af3acf]
2015-02-01 19:04:57|orderid[227758]|str[10012422244Buy1868514825302302I1.0RMB账户充值227758xiao1234562]|hmac[6a64e554b6ea225f54b3d8b1e8af3acf]
2015-02-01 19:06:52|orderid[227758]|str[10012422244Buy1868514825302302I1.0RMB账户充值227758xiao1234562]|hmac[6a64e554b6ea225f54b3d8b1e8af3acf]
2015-02-01 19:08:52|orderid[227758]|str[10012372367Buy1868514825302302I1.0RMB账户充值227758xiao1234562]|hmac[15ac8f631dd49189a3fe9c8d709b7bae]
2015-02-01 19:12:07|orderid[925715]|str[Buy100123723679257151CNY账户充值订单http://tsinghuaren.net/yeepayss/callback.php0boos11]|hmac[68c37d020683ab93783aff3514f15e3c]
2015-02-01 19:14:51|orderid[227758]|str[10012372367Buy1868514825302302I1.0RMB账户充值227758xiao1234562]|hmac[15ac8f631dd49189a3fe9c8d709b7bae]
2015-02-01 19:15:04|orderid[146693]|str[Buy100123723671466935CNY账户充值订单http://tsinghuaren.net/yeepayss/callback.php0boos11]|hmac[c36881cae687dbde9bf273cfd49067af]
2015-02-01 19:15:59|orderid[146693]|str[10012372367Buy1515261298436162I5.0RMB账户充值146693boos11]|hmac[6c569e092f4e626c4195135ef48050df]
2015-02-01 19:16:23|orderid[146693]|str[10012372367Buy1515261298436162I5.0RMB账户充值146693boos12]|hmac[f3a1f230605a90f3ccd637676026c259]
2015-02-01 19:16:50|orderid[227758]|str[10012372367Buy1868514825302302I1.0RMB账户充值227758xiao1234562]|hmac[15ac8f631dd49189a3fe9c8d709b7bae]
2015-02-01 19:16:52|orderid[146693]|str[10012372367Buy1515261298436162I5.0RMB账户充值146693boos12]|hmac[f3a1f230605a90f3ccd637676026c259]
2015-02-01 19:17:46|orderid[227758]|str[10012372367Buy1868514825302302I1.0RMB账户充值227758xiao1234562]|hmac[15ac8f631dd49189a3fe9c8d709b7bae]
2015-02-01 19:17:47|orderid[146693]|str[10012372367Buy1515261298436162I5.0RMB账户充值146693boos12]|hmac[f3a1f230605a90f3ccd637676026c259]
2015-02-01 19:19:45|orderid[227758]|str[10012372367Buy1868514825302302I1.0RMB账户充值227758xiao1234562]|hmac[15ac8f631dd49189a3fe9c8d709b7bae]
2015-02-01 19:19:47|orderid[146693]|str[10012372367Buy1515261298436162I5.0RMB账户充值146693boos12]|hmac[f3a1f230605a90f3ccd637676026c259]
2015-02-01 19:21:45|orderid[227758]|str[10012372367Buy1868514825302302I1.0RMB账户充值227758xiao1234562]|hmac[15ac8f631dd49189a3fe9c8d709b7bae]
2015-02-01 19:21:46|orderid[146693]|str[10012372367Buy1515261298436162I5.0RMB账户充值146693boos12]|hmac[f3a1f230605a90f3ccd637676026c259]
2015-02-01 19:23:44|orderid[227758]|str[10012372367Buy1868514825302302I1.0RMB账户充值227758xiao1234562]|hmac[15ac8f631dd49189a3fe9c8d709b7bae]
2015-02-01 19:23:45|orderid[146693]|str[10012372367Buy1515261298436162I5.0RMB账户充值146693boos12]|hmac[f3a1f230605a90f3ccd637676026c259]
2015-02-01 19:25:44|orderid[227758]|str[10012372367Buy1868514825302302I1.0RMB账户充值227758xiao1234562]|hmac[15ac8f631dd49189a3fe9c8d709b7bae]
2015-02-01 19:25:45|orderid[146693]|str[10012372367Buy1515261298436162I5.0RMB账户充值146693boos12]|hmac[f3a1f230605a90f3ccd637676026c259]
2015-02-01 19:27:43|orderid[227758]|str[10012372367Buy1868514825302302I1.0RMB账户充值227758xiao1234562]|hmac[15ac8f631dd49189a3fe9c8d709b7bae]
2015-02-01 19:27:44|orderid[146693]|str[10012372367Buy1515261298436162I5.0RMB账户充值146693boos12]|hmac[f3a1f230605a90f3ccd637676026c259]
2015-02-01 19:29:43|orderid[227758]|str[10012372367Buy1868514825302302I1.0RMB账户充值227758xiao1234562]|hmac[15ac8f631dd49189a3fe9c8d709b7bae]
2015-02-01 19:29:44|orderid[146693]|str[10012372367Buy1515261298436162I5.0RMB账户充值146693boos12]|hmac[f3a1f230605a90f3ccd637676026c259]
2015-02-01 19:31:43|orderid[227758]|str[10012372367Buy1868514825302302I1.0RMB账户充值227758xiao1234562]|hmac[15ac8f631dd49189a3fe9c8d709b7bae]
2015-02-01 19:31:44|orderid[146693]|str[10012372367Buy1515261298436162I5.0RMB账户充值146693boos12]|hmac[f3a1f230605a90f3ccd637676026c259]
2015-02-01 19:33:43|orderid[227758]|str[10012372367Buy1868514825302302I1.0RMB账户充值227758xiao1234562]|hmac[15ac8f631dd49189a3fe9c8d709b7bae]
2015-02-01 19:33:44|orderid[146693]|str[10012372367Buy1515261298436162I5.0RMB账户充值146693boos12]|hmac[f3a1f230605a90f3ccd637676026c259]
2015-02-01 19:35:44|orderid[227758]|str[10012372367Buy1868514825302302I1.0RMB账户充值227758xiao1234562]|hmac[15ac8f631dd49189a3fe9c8d709b7bae]
2015-02-01 19:35:45|orderid[146693]|str[10012372367Buy1515261298436162I5.0RMB账户充值146693boos12]|hmac[f3a1f230605a90f3ccd637676026c259]
2015-02-01 19:37:43|orderid[227758]|str[10012372367Buy1868514825302302I1.0RMB账户充值227758xiao1234562]|hmac[15ac8f631dd49189a3fe9c8d709b7bae]
2015-02-01 19:37:47|orderid[146693]|str[10012372367Buy1515261298436162I5.0RMB账户充值146693boos12]|hmac[f3a1f230605a90f3ccd637676026c259]
2015-02-01 19:39:43|orderid[227758]|str[10012372367Buy1868514825302302I1.0RMB账户充值227758xiao1234562]|hmac[15ac8f631dd49189a3fe9c8d709b7bae]
2015-02-01 19:39:44|orderid[146693]|str[10012372367Buy1515261298436162I5.0RMB账户充值146693boos12]|hmac[f3a1f230605a90f3ccd637676026c259]
2015-02-01 19:41:43|orderid[227758]|str[10012372367Buy1868514825302302I1.0RMB账户充值227758xiao1234562]|hmac[15ac8f631dd49189a3fe9c8d709b7bae]
2015-02-01 19:41:44|orderid[146693]|str[10012372367Buy1515261298436162I5.0RMB账户充值146693boos12]|hmac[f3a1f230605a90f3ccd637676026c259]
2015-02-01 19:43:44|orderid[146693]|str[10012372367Buy1515261298436162I5.0RMB账户充值146693boos12]|hmac[f3a1f230605a90f3ccd637676026c259]
2015-02-01 19:45:43|orderid[146693]|str[10012372367Buy1515261298436162I5.0RMB账户充值146693boos12]|hmac[f3a1f230605a90f3ccd637676026c259]
2015-02-01 19:47:43|orderid[146693]|str[10012372367Buy1515261298436162I5.0RMB账户充值146693boos12]|hmac[f3a1f230605a90f3ccd637676026c259]
2015-02-01 19:49:43|orderid[146693]|str[10012372367Buy1515261298436162I5.0RMB账户充值146693boos12]|hmac[f3a1f230605a90f3ccd637676026c259]
2015-02-01 19:51:42|orderid[146693]|str[10012372367Buy1515261298436162I5.0RMB账户充值146693boos12]|hmac[f3a1f230605a90f3ccd637676026c259]
2015-02-01 19:53:42|orderid[146693]|str[10012372367Buy1515261298436162I5.0RMB账户充值146693boos12]|hmac[f3a1f230605a90f3ccd637676026c259]
2015-02-02 11:52:00|orderid[622407]|str[Buy1001237236762240750CNY账户充值订单http://tsinghuaren.net/yeepayss/callback.php0boos11]|hmac[508702323ee54e70a11428ac2b8b5fd9]
2015-02-02 12:11:51|orderid[0]|str[Buy1001237236700CNY账户充值订单http://tsinghuaren.net/yeepayss/callback.php01]|hmac[35d1b07f27534858a591e75ef2eeaec7]
2015-02-02 16:05:23|orderid[367044]|str[Buy1001237236736704412CNY账户充值订单http://tsinghuaren.net/yeepayss/callback.php0hongxing1]|hmac[bb5c6b1d63e6fc88d4d1967583786256]
2015-02-02 16:06:36|orderid[367044]|str[10012372367Buy1914227217826461I12.0RMB账户充值367044hongxing2]|hmac[b51121d2b1b901506eaffdcdc1bfd852]
2015-02-02 16:07:46|orderid[367044]|str[10012372367Buy1914227217826461I12.0RMB账户充值367044hongxing2]|hmac[b51121d2b1b901506eaffdcdc1bfd852]
2015-02-02 16:09:50|orderid[367044]|str[10012372367Buy1914227217826461I12.0RMB账户充值367044hongxing2]|hmac[b51121d2b1b901506eaffdcdc1bfd852]
2015-02-02 16:11:46|orderid[367044]|str[10012372367Buy1914227217826461I12.0RMB账户充值367044hongxing2]|hmac[b51121d2b1b901506eaffdcdc1bfd852]
2015-02-02 16:13:46|orderid[367044]|str[10012372367Buy1914227217826461I12.0RMB账户充值367044hongxing2]|hmac[b51121d2b1b901506eaffdcdc1bfd852]
2015-02-02 16:15:45|orderid[367044]|str[10012372367Buy1914227217826461I12.0RMB账户充值367044hongxing2]|hmac[b51121d2b1b901506eaffdcdc1bfd852]
2015-02-02 16:17:45|orderid[367044]|str[10012372367Buy1914227217826461I12.0RMB账户充值367044hongxing2]|hmac[b51121d2b1b901506eaffdcdc1bfd852]
2015-02-02 16:19:45|orderid[367044]|str[10012372367Buy1914227217826461I12.0RMB账户充值367044hongxing2]|hmac[b51121d2b1b901506eaffdcdc1bfd852]
2015-02-02 16:21:45|orderid[367044]|str[10012372367Buy1914227217826461I12.0RMB账户充值367044hongxing2]|hmac[b51121d2b1b901506eaffdcdc1bfd852]
2015-02-02 16:23:44|orderid[367044]|str[10012372367Buy1914227217826461I12.0RMB账户充值367044hongxing2]|hmac[b51121d2b1b901506eaffdcdc1bfd852]
2015-02-02 16:25:44|orderid[367044]|str[10012372367Buy1914227217826461I12.0RMB账户充值367044hongxing2]|hmac[b51121d2b1b901506eaffdcdc1bfd852]
2015-02-02 16:27:45|orderid[367044]|str[10012372367Buy1914227217826461I12.0RMB账户充值367044hongxing2]|hmac[b51121d2b1b901506eaffdcdc1bfd852]
2015-02-02 16:29:44|orderid[367044]|str[10012372367Buy1914227217826461I12.0RMB账户充值367044hongxing2]|hmac[b51121d2b1b901506eaffdcdc1bfd852]
2015-02-02 16:31:44|orderid[367044]|str[10012372367Buy1914227217826461I12.0RMB账户充值367044hongxing2]|hmac[b51121d2b1b901506eaffdcdc1bfd852]
2015-02-02 16:33:44|orderid[367044]|str[10012372367Buy1914227217826461I12.0RMB账户充值367044hongxing2]|hmac[b51121d2b1b901506eaffdcdc1bfd852]
2015-02-02 16:35:44|orderid[367044]|str[10012372367Buy1914227217826461I12.0RMB账户充值367044hongxing2]|hmac[b51121d2b1b901506eaffdcdc1bfd852]
2015-02-02 16:37:43|orderid[367044]|str[10012372367Buy1914227217826461I12.0RMB账户充值367044hongxing2]|hmac[b51121d2b1b901506eaffdcdc1bfd852]
2015-02-02 16:39:44|orderid[367044]|str[10012372367Buy1914227217826461I12.0RMB账户充值367044hongxing2]|hmac[b51121d2b1b901506eaffdcdc1bfd852]
2015-02-02 16:41:43|orderid[367044]|str[10012372367Buy1914227217826461I12.0RMB账户充值367044hongxing2]|hmac[b51121d2b1b901506eaffdcdc1bfd852]
2015-02-02 16:43:44|orderid[367044]|str[10012372367Buy1914227217826461I12.0RMB账户充值367044hongxing2]|hmac[b51121d2b1b901506eaffdcdc1bfd852]
2015-02-02 16:45:44|orderid[367044]|str[10012372367Buy1914227217826461I12.0RMB账户充值367044hongxing2]|hmac[b51121d2b1b901506eaffdcdc1bfd852]
2015-02-03 20:14:46|orderid[408147]|str[Buy10012372367408147100CNY账户充值订单http://tsinghuaren.net/yeepayss/callback.php0lllttt1231]|hmac[af9e299260dad95fc960602e4172c732]
2015-02-03 20:16:57|orderid[408147]|str[10012372367Buy1218371695431326J100.0RMB账户充值408147lllttt1231]|hmac[9417d2829ac9a538f17f53208b55400d]
2015-02-03 20:17:14|orderid[408147]|str[10012372367Buy1218371695431326J100.0RMB账户充值408147lllttt1232]|hmac[b95230ab880289d433091485afc57b44]
2015-02-03 20:17:37|orderid[953826]|str[Buy10012372367953826900CNY账户充值订单http://tsinghuaren.net/yeepayss/callback.php0lllttt1231]|hmac[dbc99af682d4f5d39fc9c36049361992]
2015-02-03 20:17:51|orderid[408147]|str[10012372367Buy1218371695431326J100.0RMB账户充值408147lllttt1232]|hmac[b95230ab880289d433091485afc57b44]
2015-02-03 20:19:20|orderid[953826]|str[10012372367Buy1218371696082182G900.0RMB账户充值953826lllttt1232]|hmac[1cfcdc142ec3326591e43f80c706e2f6]
2015-02-03 20:19:51|orderid[408147]|str[10012372367Buy1218371695431326J100.0RMB账户充值408147lllttt1232]|hmac[b95230ab880289d433091485afc57b44]
2015-02-03 20:19:51|orderid[953826]|str[10012372367Buy1218371696082182G900.0RMB账户充值953826lllttt1232]|hmac[1cfcdc142ec3326591e43f80c706e2f6]
2015-02-03 20:21:51|orderid[408147]|str[10012372367Buy1218371695431326J100.0RMB账户充值408147lllttt1232]|hmac[b95230ab880289d433091485afc57b44]
2015-02-03 20:21:51|orderid[953826]|str[10012372367Buy1218371696082182G900.0RMB账户充值953826lllttt1232]|hmac[1cfcdc142ec3326591e43f80c706e2f6]
2015-02-03 20:23:50|orderid[408147]|str[10012372367Buy1218371695431326J100.0RMB账户充值408147lllttt1232]|hmac[b95230ab880289d433091485afc57b44]
2015-02-03 20:23:50|orderid[953826]|str[10012372367Buy1218371696082182G900.0RMB账户充值953826lllttt1232]|hmac[1cfcdc142ec3326591e43f80c706e2f6]
2015-02-03 20:25:50|orderid[408147]|str[10012372367Buy1218371695431326J100.0RMB账户充值408147lllttt1232]|hmac[b95230ab880289d433091485afc57b44]
2015-02-03 20:25:50|orderid[953826]|str[10012372367Buy1218371696082182G900.0RMB账户充值953826lllttt1232]|hmac[1cfcdc142ec3326591e43f80c706e2f6]
2015-02-03 20:27:50|orderid[408147]|str[10012372367Buy1218371695431326J100.0RMB账户充值408147lllttt1232]|hmac[b95230ab880289d433091485afc57b44]
2015-02-03 20:27:50|orderid[953826]|str[10012372367Buy1218371696082182G900.0RMB账户充值953826lllttt1232]|hmac[1cfcdc142ec3326591e43f80c706e2f6]
2015-02-03 20:29:49|orderid[408147]|str[10012372367Buy1218371695431326J100.0RMB账户充值408147lllttt1232]|hmac[b95230ab880289d433091485afc57b44]
2015-02-03 20:29:49|orderid[953826]|str[10012372367Buy1218371696082182G900.0RMB账户充值953826lllttt1232]|hmac[1cfcdc142ec3326591e43f80c706e2f6]
2015-02-03 20:31:49|orderid[408147]|str[10012372367Buy1218371695431326J100.0RMB账户充值408147lllttt1232]|hmac[b95230ab880289d433091485afc57b44]
2015-02-03 20:31:50|orderid[953826]|str[10012372367Buy1218371696082182G900.0RMB账户充值953826lllttt1232]|hmac[1cfcdc142ec3326591e43f80c706e2f6]
2015-02-03 20:33:49|orderid[408147]|str[10012372367Buy1218371695431326J100.0RMB账户充值408147lllttt1232]|hmac[b95230ab880289d433091485afc57b44]
2015-02-03 20:33:49|orderid[953826]|str[10012372367Buy1218371696082182G900.0RMB账户充值953826lllttt1232]|hmac[1cfcdc142ec3326591e43f80c706e2f6]
2015-02-03 20:35:49|orderid[408147]|str[10012372367Buy1218371695431326J100.0RMB账户充值408147lllttt1232]|hmac[b95230ab880289d433091485afc57b44]
2015-02-03 20:35:49|orderid[953826]|str[10012372367Buy1218371696082182G900.0RMB账户充值953826lllttt1232]|hmac[1cfcdc142ec3326591e43f80c706e2f6]
2015-02-03 20:37:48|orderid[408147]|str[10012372367Buy1218371695431326J100.0RMB账户充值408147lllttt1232]|hmac[b95230ab880289d433091485afc57b44]
2015-02-03 20:37:48|orderid[953826]|str[10012372367Buy1218371696082182G900.0RMB账户充值953826lllttt1232]|hmac[1cfcdc142ec3326591e43f80c706e2f6]
2015-02-03 20:39:48|orderid[408147]|str[10012372367Buy1218371695431326J100.0RMB账户充值408147lllttt1232]|hmac[b95230ab880289d433091485afc57b44]
2015-02-03 20:39:49|orderid[953826]|str[10012372367Buy1218371696082182G900.0RMB账户充值953826lllttt1232]|hmac[1cfcdc142ec3326591e43f80c706e2f6]
2015-02-03 20:41:48|orderid[408147]|str[10012372367Buy1218371695431326J100.0RMB账户充值408147lllttt1232]|hmac[b95230ab880289d433091485afc57b44]
2015-02-03 20:41:48|orderid[953826]|str[10012372367Buy1218371696082182G900.0RMB账户充值953826lllttt1232]|hmac[1cfcdc142ec3326591e43f80c706e2f6]
2015-02-03 20:43:48|orderid[408147]|str[10012372367Buy1218371695431326J100.0RMB账户充值408147lllttt1232]|hmac[b95230ab880289d433091485afc57b44]
2015-02-03 20:43:48|orderid[953826]|str[10012372367Buy1218371696082182G900.0RMB账户充值953826lllttt1232]|hmac[1cfcdc142ec3326591e43f80c706e2f6]
2015-02-03 20:45:48|orderid[408147]|str[10012372367Buy1218371695431326J100.0RMB账户充值408147lllttt1232]|hmac[b95230ab880289d433091485afc57b44]
2015-02-03 20:45:49|orderid[953826]|str[10012372367Buy1218371696082182G900.0RMB账户充值953826lllttt1232]|hmac[1cfcdc142ec3326591e43f80c706e2f6]
2015-02-03 20:47:48|orderid[408147]|str[10012372367Buy1218371695431326J100.0RMB账户充值408147lllttt1232]|hmac[b95230ab880289d433091485afc57b44]
2015-02-03 20:47:48|orderid[953826]|str[10012372367Buy1218371696082182G900.0RMB账户充值953826lllttt1232]|hmac[1cfcdc142ec3326591e43f80c706e2f6]
2015-02-03 20:49:48|orderid[408147]|str[10012372367Buy1218371695431326J100.0RMB账户充值408147lllttt1232]|hmac[b95230ab880289d433091485afc57b44]
2015-02-03 20:49:48|orderid[953826]|str[10012372367Buy1218371696082182G900.0RMB账户充值953826lllttt1232]|hmac[1cfcdc142ec3326591e43f80c706e2f6]
2015-02-03 20:51:48|orderid[408147]|str[10012372367Buy1218371695431326J100.0RMB账户充值408147lllttt1232]|hmac[b95230ab880289d433091485afc57b44]
2015-02-03 20:51:48|orderid[953826]|str[10012372367Buy1218371696082182G900.0RMB账户充值953826lllttt1232]|hmac[1cfcdc142ec3326591e43f80c706e2f6]
2015-02-03 20:53:47|orderid[408147]|str[10012372367Buy1218371695431326J100.0RMB账户充值408147lllttt1232]|hmac[b95230ab880289d433091485afc57b44]
2015-02-03 20:53:48|orderid[953826]|str[10012372367Buy1218371696082182G900.0RMB账户充值953826lllttt1232]|hmac[1cfcdc142ec3326591e43f80c706e2f6]
2015-02-03 20:55:47|orderid[408147]|str[10012372367Buy1218371695431326J100.0RMB账户充值408147lllttt1232]|hmac[b95230ab880289d433091485afc57b44]
2015-02-03 20:55:47|orderid[953826]|str[10012372367Buy1218371696082182G900.0RMB账户充值953826lllttt1232]|hmac[1cfcdc142ec3326591e43f80c706e2f6]
2015-02-03 20:57:47|orderid[953826]|str[10012372367Buy1218371696082182G900.0RMB账户充值953826lllttt1232]|hmac[1cfcdc142ec3326591e43f80c706e2f6]
2015-02-03 22:28:54|orderid[411779]|str[Buy100123723674117791000CNY账户充值订单http://tsinghuaren.net/yeepayss/callback.php0lllttt1231]|hmac[e2a38d44006741c5a77bff146ad216de]
2015-02-03 22:31:14|orderid[411779]|str[10012372367Buy1914255221687461I1000.0RMB账户充值411779lllttt1231]|hmac[f00ce1a090bf9ad5836c0d260d020e88]
2015-02-03 22:31:23|orderid[411779]|str[10012372367Buy1914255221687461I1000.0RMB账户充值411779lllttt1232]|hmac[0204e2168ce43fd965768142c0a83e87]
2015-02-03 22:31:51|orderid[411779]|str[10012372367Buy1914255221687461I1000.0RMB账户充值411779lllttt1232]|hmac[0204e2168ce43fd965768142c0a83e87]
2015-02-03 22:33:51|orderid[411779]|str[10012372367Buy1914255221687461I1000.0RMB账户充值411779lllttt1232]|hmac[0204e2168ce43fd965768142c0a83e87]
2015-02-03 22:35:50|orderid[411779]|str[10012372367Buy1914255221687461I1000.0RMB账户充值411779lllttt1232]|hmac[0204e2168ce43fd965768142c0a83e87]
2015-02-03 22:37:50|orderid[411779]|str[10012372367Buy1914255221687461I1000.0RMB账户充值411779lllttt1232]|hmac[0204e2168ce43fd965768142c0a83e87]
2015-02-03 22:39:50|orderid[411779]|str[10012372367Buy1914255221687461I1000.0RMB账户充值411779lllttt1232]|hmac[0204e2168ce43fd965768142c0a83e87]
2015-02-03 22:41:49|orderid[411779]|str[10012372367Buy1914255221687461I1000.0RMB账户充值411779lllttt1232]|hmac[0204e2168ce43fd965768142c0a83e87]
2015-02-03 22:43:50|orderid[411779]|str[10012372367Buy1914255221687461I1000.0RMB账户充值411779lllttt1232]|hmac[0204e2168ce43fd965768142c0a83e87]
2015-02-03 22:45:49|orderid[411779]|str[10012372367Buy1914255221687461I1000.0RMB账户充值411779lllttt1232]|hmac[0204e2168ce43fd965768142c0a83e87]
2015-02-03 22:47:49|orderid[411779]|str[10012372367Buy1914255221687461I1000.0RMB账户充值411779lllttt1232]|hmac[0204e2168ce43fd965768142c0a83e87]
2015-02-03 22:49:49|orderid[411779]|str[10012372367Buy1914255221687461I1000.0RMB账户充值411779lllttt1232]|hmac[0204e2168ce43fd965768142c0a83e87]
2015-02-03 22:51:49|orderid[411779]|str[10012372367Buy1914255221687461I1000.0RMB账户充值411779lllttt1232]|hmac[0204e2168ce43fd965768142c0a83e87]
2015-02-03 22:53:49|orderid[411779]|str[10012372367Buy1914255221687461I1000.0RMB账户充值411779lllttt1232]|hmac[0204e2168ce43fd965768142c0a83e87]
2015-02-03 22:55:48|orderid[411779]|str[10012372367Buy1914255221687461I1000.0RMB账户充值411779lllttt1232]|hmac[0204e2168ce43fd965768142c0a83e87]
2015-02-03 22:57:48|orderid[411779]|str[10012372367Buy1914255221687461I1000.0RMB账户充值411779lllttt1232]|hmac[0204e2168ce43fd965768142c0a83e87]
2015-02-03 22:59:51|orderid[411779]|str[10012372367Buy1914255221687461I1000.0RMB账户充值411779lllttt1232]|hmac[0204e2168ce43fd965768142c0a83e87]
2015-02-03 23:01:48|orderid[411779]|str[10012372367Buy1914255221687461I1000.0RMB账户充值411779lllttt1232]|hmac[0204e2168ce43fd965768142c0a83e87]
2015-02-03 23:03:48|orderid[411779]|str[10012372367Buy1914255221687461I1000.0RMB账户充值411779lllttt1232]|hmac[0204e2168ce43fd965768142c0a83e87]
2015-02-03 23:05:47|orderid[411779]|str[10012372367Buy1914255221687461I1000.0RMB账户充值411779lllttt1232]|hmac[0204e2168ce43fd965768142c0a83e87]
2015-02-03 23:07:47|orderid[411779]|str[10012372367Buy1914255221687461I1000.0RMB账户充值411779lllttt1232]|hmac[0204e2168ce43fd965768142c0a83e87]
2015-02-03 23:09:47|orderid[411779]|str[10012372367Buy1914255221687461I1000.0RMB账户充值411779lllttt1232]|hmac[0204e2168ce43fd965768142c0a83e87]
2015-02-04 08:54:47|orderid[555150]|str[Buy100123723675551501000CNY账户充值订单http://tsinghuaren.net/yeepayss/callback.php0lllttt1231]|hmac[e063d09f65c20d4e85c3fd10f8d4d891]
2015-02-04 08:57:00|orderid[555150]|str[10012372367Buy1117221275280234I1000.0RMB账户充值555150lllttt1232]|hmac[e99463f390439b9b65cbed24d30d1684]
2015-02-04 08:57:52|orderid[0]|str[Buy1001237236700CNY账户充值订单http://tsinghuaren.net/yeepayss/callback.php01]|hmac[35d1b07f27534858a591e75ef2eeaec7]
2015-02-04 08:58:49|orderid[555150]|str[10012372367Buy1117221275280234I1000.0RMB账户充值555150lllttt1232]|hmac[e99463f390439b9b65cbed24d30d1684]
2015-02-04 08:59:48|orderid[555150]|str[10012372367Buy1117221275280234I1000.0RMB账户充值555150lllttt1232]|hmac[e99463f390439b9b65cbed24d30d1684]
2015-02-04 09:02:49|orderid[555150]|str[10012372367Buy1117221275280234I1000.0RMB账户充值555150lllttt1232]|hmac[e99463f390439b9b65cbed24d30d1684]
2015-02-04 09:04:49|orderid[555150]|str[10012372367Buy1117221275280234I1000.0RMB账户充值555150lllttt1232]|hmac[e99463f390439b9b65cbed24d30d1684]
2015-02-04 09:06:49|orderid[555150]|str[10012372367Buy1117221275280234I1000.0RMB账户充值555150lllttt1232]|hmac[e99463f390439b9b65cbed24d30d1684]
2015-02-04 09:08:48|orderid[555150]|str[10012372367Buy1117221275280234I1000.0RMB账户充值555150lllttt1232]|hmac[e99463f390439b9b65cbed24d30d1684]
2015-02-04 09:10:49|orderid[555150]|str[10012372367Buy1117221275280234I1000.0RMB账户充值555150lllttt1232]|hmac[e99463f390439b9b65cbed24d30d1684]
2015-02-04 09:12:48|orderid[555150]|str[10012372367Buy1117221275280234I1000.0RMB账户充值555150lllttt1232]|hmac[e99463f390439b9b65cbed24d30d1684]
2015-02-04 09:14:49|orderid[555150]|str[10012372367Buy1117221275280234I1000.0RMB账户充值555150lllttt1232]|hmac[e99463f390439b9b65cbed24d30d1684]
2015-02-04 09:15:48|orderid[555150]|str[10012372367Buy1117221275280234I1000.0RMB账户充值555150lllttt1232]|hmac[e99463f390439b9b65cbed24d30d1684]
2015-02-04 09:18:48|orderid[555150]|str[10012372367Buy1117221275280234I1000.0RMB账户充值555150lllttt1232]|hmac[e99463f390439b9b65cbed24d30d1684]
2015-02-04 09:20:48|orderid[555150]|str[10012372367Buy1117221275280234I1000.0RMB账户充值555150lllttt1232]|hmac[e99463f390439b9b65cbed24d30d1684]
2015-02-04 09:22:48|orderid[555150]|str[10012372367Buy1117221275280234I1000.0RMB账户充值555150lllttt1232]|hmac[e99463f390439b9b65cbed24d30d1684]
2015-02-04 09:24:48|orderid[555150]|str[10012372367Buy1117221275280234I1000.0RMB账户充值555150lllttt1232]|hmac[e99463f390439b9b65cbed24d30d1684]
2015-02-04 09:26:48|orderid[555150]|str[10012372367Buy1117221275280234I1000.0RMB账户充值555150lllttt1232]|hmac[e99463f390439b9b65cbed24d30d1684]
2015-02-04 09:28:49|orderid[555150]|str[10012372367Buy1117221275280234I1000.0RMB账户充值555150lllttt1232]|hmac[e99463f390439b9b65cbed24d30d1684]
2015-02-04 09:30:48|orderid[555150]|str[10012372367Buy1117221275280234I1000.0RMB账户充值555150lllttt1232]|hmac[e99463f390439b9b65cbed24d30d1684]
2015-02-04 09:32:48|orderid[555150]|str[10012372367Buy1117221275280234I1000.0RMB账户充值555150lllttt1232]|hmac[e99463f390439b9b65cbed24d30d1684]
2015-02-04 09:33:48|orderid[555150]|str[10012372367Buy1117221275280234I1000.0RMB账户充值555150lllttt1232]|hmac[e99463f390439b9b65cbed24d30d1684]
2015-02-04 09:36:48|orderid[555150]|str[10012372367Buy1117221275280234I1000.0RMB账户充值555150lllttt1232]|hmac[e99463f390439b9b65cbed24d30d1684]
2015-02-04 09:38:37|orderid[747475]|str[Buy10012372367747475100CNY账户充值订单http://tsinghuaren.net/yeepayss/callback.php0syuweu1]|hmac[792d962d06eaf94adcf0a7ff18be7621]
2015-02-04 09:38:49|orderid[747475]|str[Buy10012372367747475100CNY账户充值订单http://tsinghuaren.net/yeepayss/callback.php0syuweu1]|hmac[792d962d06eaf94adcf0a7ff18be7621]
2015-02-04 12:14:47|orderid[257882]|str[Buy10012372367257882100CNY账户充值订单http://tsinghuaren.net/yeepayss/callback.php0cxgzby1]|hmac[42f1a29fc22944832f25230168424573]
2015-02-04 13:21:46|orderid[834040]|str[Buy10012372367834040100CNY账户充值订单http://tsinghuaren.net/yeepayss/callback.php0cxgzby1]|hmac[b1690e169eeb96332d8fab3631c633c1]
2015-02-04 13:21:53|orderid[0]|str[Buy1001237236700CNY账户充值订单http://tsinghuaren.net/yeepayss/callback.php01]|hmac[35d1b07f27534858a591e75ef2eeaec7]
2015-02-04 13:22:05|orderid[834040]|str[Buy10012372367834040100CNY账户充值订单http://tsinghuaren.net/yeepayss/callback.php0cxgzby1]|hmac[b1690e169eeb96332d8fab3631c633c1]
2015-02-04 14:06:41|orderid[196585]|str[Buy10012372367196585100CNY账户充值订单http://tsinghuaren.net/yeepayss/callback.php0SU262549124561]|hmac[9e55ba6777d228bd94426a189bbe64c6]
2015-02-04 16:33:07|orderid[174727]|str[Buy10012372367174727900CNY账户充值订单http://tsinghuaren.net/yeepayss/callback.php0lllttt1231]|hmac[7f28ba5d4daafbe472cc3a30e744d05b]
2015-02-04 16:36:26|orderid[174727]|str[10012372367Buy1818179678722102E900.0RMB账户充值174727lllttt1232]|hmac[64ad6b9840c242211a8d554e6c9d7222]
2015-02-04 16:36:51|orderid[174727]|str[10012372367Buy1818179678722102E900.0RMB账户充值174727lllttt1232]|hmac[64ad6b9840c242211a8d554e6c9d7222]
2015-02-04 16:38:51|orderid[174727]|str[10012372367Buy1818179678722102E900.0RMB账户充值174727lllttt1232]|hmac[64ad6b9840c242211a8d554e6c9d7222]
2015-02-04 16:40:51|orderid[174727]|str[10012372367Buy1818179678722102E900.0RMB账户充值174727lllttt1232]|hmac[64ad6b9840c242211a8d554e6c9d7222]
2015-02-04 16:42:53|orderid[174727]|str[10012372367Buy1818179678722102E900.0RMB账户充值174727lllttt1232]|hmac[64ad6b9840c242211a8d554e6c9d7222]
2015-02-04 16:44:53|orderid[174727]|str[10012372367Buy1818179678722102E900.0RMB账户充值174727lllttt1232]|hmac[64ad6b9840c242211a8d554e6c9d7222]
2015-02-04 16:45:51|orderid[174727]|str[10012372367Buy1818179678722102E900.0RMB账户充值174727lllttt1232]|hmac[64ad6b9840c242211a8d554e6c9d7222]
2015-02-04 16:48:51|orderid[174727]|str[10012372367Buy1818179678722102E900.0RMB账户充值174727lllttt1232]|hmac[64ad6b9840c242211a8d554e6c9d7222]
2015-02-04 16:50:51|orderid[174727]|str[10012372367Buy1818179678722102E900.0RMB账户充值174727lllttt1232]|hmac[64ad6b9840c242211a8d554e6c9d7222]
2015-02-04 16:52:50|orderid[174727]|str[10012372367Buy1818179678722102E900.0RMB账户充值174727lllttt1232]|hmac[64ad6b9840c242211a8d554e6c9d7222]
2015-02-04 16:54:50|orderid[174727]|str[10012372367Buy1818179678722102E900.0RMB账户充值174727lllttt1232]|hmac[64ad6b9840c242211a8d554e6c9d7222]
2015-02-04 16:56:50|orderid[174727]|str[10012372367Buy1818179678722102E900.0RMB账户充值174727lllttt1232]|hmac[64ad6b9840c242211a8d554e6c9d7222]
2015-02-04 16:58:50|orderid[174727]|str[10012372367Buy1818179678722102E900.0RMB账户充值174727lllttt1232]|hmac[64ad6b9840c242211a8d554e6c9d7222]
2015-02-04 17:00:49|orderid[174727]|str[10012372367Buy1818179678722102E900.0RMB账户充值174727lllttt1232]|hmac[64ad6b9840c242211a8d554e6c9d7222]
2015-02-04 17:02:49|orderid[174727]|str[10012372367Buy1818179678722102E900.0RMB账户充值174727lllttt1232]|hmac[64ad6b9840c242211a8d554e6c9d7222]
2015-02-04 17:03:50|orderid[174727]|str[10012372367Buy1818179678722102E900.0RMB账户充值174727lllttt1232]|hmac[64ad6b9840c242211a8d554e6c9d7222]
2015-02-04 17:06:49|orderid[174727]|str[10012372367Buy1818179678722102E900.0RMB账户充值174727lllttt1232]|hmac[64ad6b9840c242211a8d554e6c9d7222]
2015-02-04 17:08:48|orderid[174727]|str[10012372367Buy1818179678722102E900.0RMB账户充值174727lllttt1232]|hmac[64ad6b9840c242211a8d554e6c9d7222]
2015-02-04 17:10:49|orderid[174727]|str[10012372367Buy1818179678722102E900.0RMB账户充值174727lllttt1232]|hmac[64ad6b9840c242211a8d554e6c9d7222]
2015-02-04 17:12:49|orderid[174727]|str[10012372367Buy1818179678722102E900.0RMB账户充值174727lllttt1232]|hmac[64ad6b9840c242211a8d554e6c9d7222]
2015-02-04 17:14:48|orderid[174727]|str[10012372367Buy1818179678722102E900.0RMB账户充值174727lllttt1232]|hmac[64ad6b9840c242211a8d554e6c9d7222]
2015-02-04 17:29:51|orderid[0]|str[Buy1001237236700CNY账户充值订单http://tsinghuaren.net/yeepayss/callback.php01]|hmac[35d1b07f27534858a591e75ef2eeaec7]
2015-02-04 19:26:35|orderid[0]|str[Buy1001237236700CNY账户充值订单http://tsinghuaren.net/yeepayss/callback.php01]|hmac[35d1b07f27534858a591e75ef2eeaec7]
2015-02-04 19:29:21|orderid[846186]|str[Buy10012372367846186100CNY账户充值订单http://tsinghuaren.net/yeepayss/callback.php0sos8861]|hmac[077f7f72e8d72fa299c7a99cf712d0fc]
2015-02-04 19:29:24|orderid[0]|str[Buy1001237236700CNY账户充值订单http://tsinghuaren.net/yeepayss/callback.php01]|hmac[35d1b07f27534858a591e75ef2eeaec7]
2015-02-04 19:29:24|orderid[0]|str[Buy1001237236700CNY账户充值订单http://tsinghuaren.net/yeepayss/callback.php01]|hmac[35d1b07f27534858a591e75ef2eeaec7]
2015-02-04 19:30:00|orderid[846186]|str[Buy10012372367846186100CNY账户充值订单http://tsinghuaren.net/yeepayss/callback.php0sos8861]|hmac[077f7f72e8d72fa299c7a99cf712d0fc]
2015-02-04 19:55:25|orderid[841964]|str[Buy10012372367841964100CNY账户充值订单http://tsinghuaren.net/yeepayss/callback.php0qq4133024461]|hmac[110ef7c38b5309f27e8fec8420f0f3bf]
2015-02-04 19:56:55|orderid[515698]|str[Buy100123723675156981000CNY账户充值订单http://tsinghuaren.net/yeepayss/callback.php0qq4133024461]|hmac[cd0e2c187c7179c1b092446aeeb0a4a8]
2015-02-04 20:10:23|orderid[909985]|str[Buy100123723679099851000CNY账户充值订单http://tsinghuaren.net/yeepayss/callback.php0qq4133024461]|hmac[fe9328848f5b90412be4b02b23dbfeca]
2015-02-04 20:16:15|orderid[513667]|str[Buy10012372367513667100CNY账户充值订单http://tsinghuaren.net/yeepayss/callback.php0sos8861]|hmac[7d6557ec44985d7baa841ec23d736d46]
2015-02-04 20:16:19|orderid[0]|str[Buy1001237236700CNY账户充值订单http://tsinghuaren.net/yeepayss/callback.php01]|hmac[35d1b07f27534858a591e75ef2eeaec7]
2015-02-04 20:16:19|orderid[0]|str[Buy1001237236700CNY账户充值订单http://tsinghuaren.net/yeepayss/callback.php01]|hmac[35d1b07f27534858a591e75ef2eeaec7]
2015-02-04 20:16:41|orderid[513667]|str[Buy10012372367513667100CNY账户充值订单http://tsinghuaren.net/yeepayss/callback.php0sos8861]|hmac[7d6557ec44985d7baa841ec23d736d46]
2015-02-04 20:19:16|orderid[513667]|str[10012372367Buy1715201236944202I100.0RMB账户充值513667sos8861]|hmac[09d069a0457ac648b96b27d0902604dc]
2015-02-04 20:19:32|orderid[513667]|str[10012372367Buy1715201236944202I100.0RMB账户充值513667sos8862]|hmac[9b74802b251e3e7b7e27e89380b168ce]
2015-02-04 20:20:53|orderid[513667]|str[10012372367Buy1715201236944202I100.0RMB账户充值513667sos8862]|hmac[9b74802b251e3e7b7e27e89380b168ce]
2015-02-04 20:20:53|orderid[909985]|str[10012372367Buy1868515917652252I1000.0RMB账户充值909985qq4133024461]|hmac[2fc5b269c597a0c2793ce270a0417c08]
2015-02-04 20:21:11|orderid[909985]|str[10012372367Buy1868515917652252I1000.0RMB账户充值909985qq4133024462]|hmac[73f4dc51347dc8e2bdae78fbd689bf52]
2015-02-04 20:22:52|orderid[513667]|str[10012372367Buy1715201236944202I100.0RMB账户充值513667sos8862]|hmac[9b74802b251e3e7b7e27e89380b168ce]
2015-02-04 20:22:52|orderid[909985]|str[10012372367Buy1868515917652252I1000.0RMB账户充值909985qq4133024462]|hmac[73f4dc51347dc8e2bdae78fbd689bf52]
2015-02-04 20:24:51|orderid[513667]|str[10012372367Buy1715201236944202I100.0RMB账户充值513667sos8862]|hmac[9b74802b251e3e7b7e27e89380b168ce]
2015-02-04 20:24:52|orderid[909985]|str[10012372367Buy1868515917652252I1000.0RMB账户充值909985qq4133024462]|hmac[73f4dc51347dc8e2bdae78fbd689bf52]
2015-02-04 20:26:51|orderid[513667]|str[10012372367Buy1715201236944202I100.0RMB账户充值513667sos8862]|hmac[9b74802b251e3e7b7e27e89380b168ce]
2015-02-04 20:26:52|orderid[909985]|str[10012372367Buy1868515917652252I1000.0RMB账户充值909985qq4133024462]|hmac[73f4dc51347dc8e2bdae78fbd689bf52]
2015-02-04 20:28:51|orderid[909985]|str[10012372367Buy1868515917652252I1000.0RMB账户充值909985qq4133024462]|hmac[73f4dc51347dc8e2bdae78fbd689bf52]
2015-02-04 20:28:54|orderid[513667]|str[10012372367Buy1715201236944202I100.0RMB账户充值513667sos8862]|hmac[9b74802b251e3e7b7e27e89380b168ce]
2015-02-04 20:30:51|orderid[513667]|str[10012372367Buy1715201236944202I100.0RMB账户充值513667sos8862]|hmac[9b74802b251e3e7b7e27e89380b168ce]
2015-02-04 20:30:51|orderid[909985]|str[10012372367Buy1868515917652252I1000.0RMB账户充值909985qq4133024462]|hmac[73f4dc51347dc8e2bdae78fbd689bf52]
2015-02-04 20:32:51|orderid[513667]|str[10012372367Buy1715201236944202I100.0RMB账户充值513667sos8862]|hmac[9b74802b251e3e7b7e27e89380b168ce]
2015-02-04 20:32:51|orderid[909985]|str[10012372367Buy1868515917652252I1000.0RMB账户充值909985qq4133024462]|hmac[73f4dc51347dc8e2bdae78fbd689bf52]
2015-02-04 20:33:52|orderid[513667]|str[10012372367Buy1715201236944202I100.0RMB账户充值513667sos8862]|hmac[9b74802b251e3e7b7e27e89380b168ce]
2015-02-04 20:33:52|orderid[909985]|str[10012372367Buy1868515917652252I1000.0RMB账户充值909985qq4133024462]|hmac[73f4dc51347dc8e2bdae78fbd689bf52]
2015-02-04 20:36:51|orderid[513667]|str[10012372367Buy1715201236944202I100.0RMB账户充值513667sos8862]|hmac[9b74802b251e3e7b7e27e89380b168ce]
2015-02-04 20:36:51|orderid[909985]|str[10012372367Buy1868515917652252I1000.0RMB账户充值909985qq4133024462]|hmac[73f4dc51347dc8e2bdae78fbd689bf52]
2015-02-04 20:38:51|orderid[513667]|str[10012372367Buy1715201236944202I100.0RMB账户充值513667sos8862]|hmac[9b74802b251e3e7b7e27e89380b168ce]
2015-02-04 20:38:51|orderid[909985]|str[10012372367Buy1868515917652252I1000.0RMB账户充值909985qq4133024462]|hmac[73f4dc51347dc8e2bdae78fbd689bf52]
2015-02-04 20:40:50|orderid[513667]|str[10012372367Buy1715201236944202I100.0RMB账户充值513667sos8862]|hmac[9b74802b251e3e7b7e27e89380b168ce]
2015-02-04 20:40:50|orderid[909985]|str[10012372367Buy1868515917652252I1000.0RMB账户充值909985qq4133024462]|hmac[73f4dc51347dc8e2bdae78fbd689bf52]
2015-02-04 20:42:50|orderid[513667]|str[10012372367Buy1715201236944202I100.0RMB账户充值513667sos8862]|hmac[9b74802b251e3e7b7e27e89380b168ce]
2015-02-04 20:42:50|orderid[909985]|str[10012372367Buy1868515917652252I1000.0RMB账户充值909985qq4133024462]|hmac[73f4dc51347dc8e2bdae78fbd689bf52]
2015-02-04 20:44:53|orderid[513667]|str[10012372367Buy1715201236944202I100.0RMB账户充值513667sos8862]|hmac[9b74802b251e3e7b7e27e89380b168ce]
2015-02-04 20:44:53|orderid[909985]|str[10012372367Buy1868515917652252I1000.0RMB账户充值909985qq4133024462]|hmac[73f4dc51347dc8e2bdae78fbd689bf52]
2015-02-04 20:46:50|orderid[513667]|str[10012372367Buy1715201236944202I100.0RMB账户充值513667sos8862]|hmac[9b74802b251e3e7b7e27e89380b168ce]
2015-02-04 20:46:50|orderid[909985]|str[10012372367Buy1868515917652252I1000.0RMB账户充值909985qq4133024462]|hmac[73f4dc51347dc8e2bdae78fbd689bf52]
2015-02-04 20:48:49|orderid[513667]|str[10012372367Buy1715201236944202I100.0RMB账户充值513667sos8862]|hmac[9b74802b251e3e7b7e27e89380b168ce]
2015-02-04 20:48:50|orderid[909985]|str[10012372367Buy1868515917652252I1000.0RMB账户充值909985qq4133024462]|hmac[73f4dc51347dc8e2bdae78fbd689bf52]
2015-02-04 20:50:50|orderid[513667]|str[10012372367Buy1715201236944202I100.0RMB账户充值513667sos8862]|hmac[9b74802b251e3e7b7e27e89380b168ce]
2015-02-04 20:50:50|orderid[909985]|str[10012372367Buy1868515917652252I1000.0RMB账户充值909985qq4133024462]|hmac[73f4dc51347dc8e2bdae78fbd689bf52]
2015-02-04 20:51:50|orderid[513667]|str[10012372367Buy1715201236944202I100.0RMB账户充值513667sos8862]|hmac[9b74802b251e3e7b7e27e89380b168ce]
2015-02-04 20:51:50|orderid[909985]|str[10012372367Buy1868515917652252I1000.0RMB账户充值909985qq4133024462]|hmac[73f4dc51347dc8e2bdae78fbd689bf52]
2015-02-04 20:54:48|orderid[513667]|str[10012372367Buy1715201236944202I100.0RMB账户充值513667sos8862]|hmac[9b74802b251e3e7b7e27e89380b168ce]
2015-02-04 20:54:49|orderid[909985]|str[10012372367Buy1868515917652252I1000.0RMB账户充值909985qq4133024462]|hmac[73f4dc51347dc8e2bdae78fbd689bf52]
2015-02-04 20:56:49|orderid[513667]|str[10012372367Buy1715201236944202I100.0RMB账户充值513667sos8862]|hmac[9b74802b251e3e7b7e27e89380b168ce]
2015-02-04 20:56:49|orderid[909985]|str[10012372367Buy1868515917652252I1000.0RMB账户充值909985qq4133024462]|hmac[73f4dc51347dc8e2bdae78fbd689bf52]
2015-02-04 20:58:49|orderid[513667]|str[10012372367Buy1715201236944202I100.0RMB账户充值513667sos8862]|hmac[9b74802b251e3e7b7e27e89380b168ce]
2015-02-04 20:58:49|orderid[909985]|str[10012372367Buy1868515917652252I1000.0RMB账户充值909985qq4133024462]|hmac[73f4dc51347dc8e2bdae78fbd689bf52]
2015-02-04 21:00:49|orderid[909985]|str[10012372367Buy1868515917652252I1000.0RMB账户充值909985qq4133024462]|hmac[73f4dc51347dc8e2bdae78fbd689bf52]
2015-02-04 23:00:29|orderid[559635]|str[Buy10012372367559635100CNY账户充值订单http://tsinghuaren.net/yeepayss/callback.php0ok19881]|hmac[30f58635297c084b312546579498775c]
2015-02-04 23:00:33|orderid[0]|str[Buy1001237236700CNY账户充值订单http://tsinghuaren.net/yeepayss/callback.php01]|hmac[35d1b07f27534858a591e75ef2eeaec7]
2015-02-04 23:00:34|orderid[0]|str[Buy1001237236700CNY账户充值订单http://tsinghuaren.net/yeepayss/callback.php01]|hmac[35d1b07f27534858a591e75ef2eeaec7]
2015-02-04 23:01:02|orderid[684361]|str[Buy10012372367684361500CNY账户充值订单http://tsinghuaren.net/yeepayss/callback.php0ok19881]|hmac[3347acc661a108d4ea34ffef2f7600b2]
2015-02-04 23:05:27|orderid[0]|str[Buy1001237236700CNY账户充值订单http://tsinghuaren.net/yeepayss/callback.php01]|hmac[35d1b07f27534858a591e75ef2eeaec7]
2015-02-05 09:37:20|orderid[785967]|str[Buy100123723677859671000CNY账户充值订单http://tsinghuaren.net/yeepayss/callback.php0lllttt1231]|hmac[3cdaf9beb934d8013348dcc14132fbba]
2015-02-05 09:39:17|orderid[785967]|str[10012372367Buy1515215246652262I1000.0RMB账户充值785967lllttt1232]|hmac[28fbede602e1199b79045baef9aa95bc]
2015-02-05 09:41:17|orderid[785967]|str[10012372367Buy1515215246652262I1000.0RMB账户充值785967lllttt1232]|hmac[28fbede602e1199b79045baef9aa95bc]
2015-02-05 09:43:16|orderid[785967]|str[10012372367Buy1515215246652262I1000.0RMB账户充值785967lllttt1232]|hmac[28fbede602e1199b79045baef9aa95bc]
2015-02-05 09:45:16|orderid[785967]|str[10012372367Buy1515215246652262I1000.0RMB账户充值785967lllttt1232]|hmac[28fbede602e1199b79045baef9aa95bc]
2015-02-05 09:47:16|orderid[785967]|str[10012372367Buy1515215246652262I1000.0RMB账户充值785967lllttt1232]|hmac[28fbede602e1199b79045baef9aa95bc]
2015-02-05 09:49:16|orderid[785967]|str[10012372367Buy1515215246652262I1000.0RMB账户充值785967lllttt1232]|hmac[28fbede602e1199b79045baef9aa95bc]
2015-02-05 09:51:16|orderid[785967]|str[10012372367Buy1515215246652262I1000.0RMB账户充值785967lllttt1232]|hmac[28fbede602e1199b79045baef9aa95bc]
2015-02-05 09:53:15|orderid[785967]|str[10012372367Buy1515215246652262I1000.0RMB账户充值785967lllttt1232]|hmac[28fbede602e1199b79045baef9aa95bc]
2015-02-05 09:55:15|orderid[785967]|str[10012372367Buy1515215246652262I1000.0RMB账户充值785967lllttt1232]|hmac[28fbede602e1199b79045baef9aa95bc]
2015-02-05 09:57:15|orderid[785967]|str[10012372367Buy1515215246652262I1000.0RMB账户充值785967lllttt1232]|hmac[28fbede602e1199b79045baef9aa95bc]
2015-02-05 09:59:15|orderid[785967]|str[10012372367Buy1515215246652262I1000.0RMB账户充值785967lllttt1232]|hmac[28fbede602e1199b79045baef9aa95bc]
2015-02-05 10:01:15|orderid[785967]|str[10012372367Buy1515215246652262I1000.0RMB账户充值785967lllttt1232]|hmac[28fbede602e1199b79045baef9aa95bc]
2015-02-05 10:03:15|orderid[785967]|str[10012372367Buy1515215246652262I1000.0RMB账户充值785967lllttt1232]|hmac[28fbede602e1199b79045baef9aa95bc]
2015-02-05 10:05:16|orderid[785967]|str[10012372367Buy1515215246652262I1000.0RMB账户充值785967lllttt1232]|hmac[28fbede602e1199b79045baef9aa95bc]
2015-02-05 10:07:15|orderid[785967]|str[10012372367Buy1515215246652262I1000.0RMB账户充值785967lllttt1232]|hmac[28fbede602e1199b79045baef9aa95bc]
2015-02-05 10:09:15|orderid[785967]|str[10012372367Buy1515215246652262I1000.0RMB账户充值785967lllttt1232]|hmac[28fbede602e1199b79045baef9aa95bc]
2015-02-05 10:11:15|orderid[785967]|str[10012372367Buy1515215246652262I1000.0RMB账户充值785967lllttt1232]|hmac[28fbede602e1199b79045baef9aa95bc]
2015-02-05 10:13:15|orderid[785967]|str[10012372367Buy1515215246652262I1000.0RMB账户充值785967lllttt1232]|hmac[28fbede602e1199b79045baef9aa95bc]
2015-02-05 10:15:14|orderid[785967]|str[10012372367Buy1515215246652262I1000.0RMB账户充值785967lllttt1232]|hmac[28fbede602e1199b79045baef9aa95bc]
2015-02-05 10:17:14|orderid[785967]|str[10012372367Buy1515215246652262I1000.0RMB账户充值785967lllttt1232]|hmac[28fbede602e1199b79045baef9aa95bc]
2015-02-05 10:19:14|orderid[785967]|str[10012372367Buy1515215246652262I1000.0RMB账户充值785967lllttt1232]|hmac[28fbede602e1199b79045baef9aa95bc]
2015-02-05 10:31:02|orderid[0]|str[Buy1001237236700CNY账户充值订单http://tsinghuaren.net/yeepayss/callback.php01]|hmac[35d1b07f27534858a591e75ef2eeaec7]
2015-02-05 10:31:18|orderid[525134]|str[Buy10012372367525134100CNY账户充值订单http://tsinghuaren.net/yeepayss/callback.php0syuweu1]|hmac[4714781a95afcf31c653166847ae5630]
2015-02-05 10:31:32|orderid[525134]|str[Buy10012372367525134100CNY账户充值订单http://tsinghuaren.net/yeepayss/callback.php0syuweu1]|hmac[4714781a95afcf31c653166847ae5630]
2015-02-05 12:02:40|orderid[550265]|str[Buy100123723675502651000CNY账户充值订单http://tsinghuaren.net/yeepayss/callback.php0lllttt1231]|hmac[12bfae5f82740055110820b7b59f0e2f]
2015-02-05 12:04:34|orderid[550265]|str[10012372367Buy1715291223815202I1000.0RMB账户充值550265lllttt1232]|hmac[6297eaffef67c22765ed32fda666364f]
2015-02-05 12:05:17|orderid[550265]|str[10012372367Buy1715291223815202I1000.0RMB账户充值550265lllttt1232]|hmac[6297eaffef67c22765ed32fda666364f]
2015-02-05 12:07:17|orderid[550265]|str[10012372367Buy1715291223815202I1000.0RMB账户充值550265lllttt1232]|hmac[6297eaffef67c22765ed32fda666364f]
2015-02-05 12:08:19|orderid[550265]|str[10012372367Buy1715291223815202I1000.0RMB账户充值550265lllttt1232]|hmac[6297eaffef67c22765ed32fda666364f]
2015-02-05 12:11:17|orderid[550265]|str[10012372367Buy1715291223815202I1000.0RMB账户充值550265lllttt1232]|hmac[6297eaffef67c22765ed32fda666364f]
2015-02-05 12:13:16|orderid[550265]|str[10012372367Buy1715291223815202I1000.0RMB账户充值550265lllttt1232]|hmac[6297eaffef67c22765ed32fda666364f]
2015-02-05 12:15:16|orderid[550265]|str[10012372367Buy1715291223815202I1000.0RMB账户充值550265lllttt1232]|hmac[6297eaffef67c22765ed32fda666364f]
2015-02-05 12:17:16|orderid[550265]|str[10012372367Buy1715291223815202I1000.0RMB账户充值550265lllttt1232]|hmac[6297eaffef67c22765ed32fda666364f]
2015-02-05 12:19:16|orderid[550265]|str[10012372367Buy1715291223815202I1000.0RMB账户充值550265lllttt1232]|hmac[6297eaffef67c22765ed32fda666364f]
2015-02-05 12:21:16|orderid[550265]|str[10012372367Buy1715291223815202I1000.0RMB账户充值550265lllttt1232]|hmac[6297eaffef67c22765ed32fda666364f]
2015-02-05 12:23:16|orderid[550265]|str[10012372367Buy1715291223815202I1000.0RMB账户充值550265lllttt1232]|hmac[6297eaffef67c22765ed32fda666364f]
2015-02-05 12:25:15|orderid[550265]|str[10012372367Buy1715291223815202I1000.0RMB账户充值550265lllttt1232]|hmac[6297eaffef67c22765ed32fda666364f]
2015-02-05 12:27:16|orderid[550265]|str[10012372367Buy1715291223815202I1000.0RMB账户充值550265lllttt1232]|hmac[6297eaffef67c22765ed32fda666364f]
2015-02-05 12:29:18|orderid[550265]|str[10012372367Buy1715291223815202I1000.0RMB账户充值550265lllttt1232]|hmac[6297eaffef67c22765ed32fda666364f]
2015-02-05 12:31:16|orderid[550265]|str[10012372367Buy1715291223815202I1000.0RMB账户充值550265lllttt1232]|hmac[6297eaffef67c22765ed32fda666364f]
2015-02-05 12:33:15|orderid[550265]|str[10012372367Buy1715291223815202I1000.0RMB账户充值550265lllttt1232]|hmac[6297eaffef67c22765ed32fda666364f]
2015-02-05 12:35:15|orderid[550265]|str[10012372367Buy1715291223815202I1000.0RMB账户充值550265lllttt1232]|hmac[6297eaffef67c22765ed32fda666364f]
2015-02-05 12:37:14|orderid[550265]|str[10012372367Buy1715291223815202I1000.0RMB账户充值550265lllttt1232]|hmac[6297eaffef67c22765ed32fda666364f]
2015-02-05 12:37:15|orderid[0]|str[Buy1001237236700CNY账户充值订单http://tsinghuaren.net/yeepayss/callback.php01]|hmac[35d1b07f27534858a591e75ef2eeaec7]
2015-02-05 12:37:34|orderid[731991]|str[Buy10012372367731991100CNY账户充值订单http://tsinghuaren.net/yeepayss/callback.php0syuweu1]|hmac[bc31db6cac5d04ef80bf35df6b603c9a]
2015-02-05 12:39:15|orderid[550265]|str[10012372367Buy1715291223815202I1000.0RMB账户充值550265lllttt1232]|hmac[6297eaffef67c22765ed32fda666364f]
2015-02-05 12:41:15|orderid[550265]|str[10012372367Buy1715291223815202I1000.0RMB账户充值550265lllttt1232]|hmac[6297eaffef67c22765ed32fda666364f]
2015-02-05 12:42:17|orderid[550265]|str[10012372367Buy1715291223815202I1000.0RMB账户充值550265lllttt1232]|hmac[6297eaffef67c22765ed32fda666364f]
2015-02-05 12:58:47|orderid[0]|str[Buy1001237236700CNY账户充值订单http://tsinghuaren.net/yeepayss/callback.php01]|hmac[35d1b07f27534858a591e75ef2eeaec7]
2015-02-05 12:58:56|orderid[523757]|str[Buy10012372367523757100CNY账户充值订单http://tsinghuaren.net/yeepayss/callback.php0syuweu1]|hmac[d53631a205be91be285f143db200f70f]
2015-02-05 12:59:18|orderid[197970]|str[Buy10012372367197970100CNY账户充值订单http://tsinghuaren.net/yeepayss/callback.php0syuweu1]|hmac[1a7c616accf83bb95ab52e7787cb88f1]
2015-02-05 13:02:11|orderid[197970]|str[10012372367Buy1715231266425202I100.0RMB账户充值197970syuweu1]|hmac[72b1186560b7199890298e425ab0b043]
2015-02-05 13:02:29|orderid[197970]|str[10012372367Buy1715231266425202I100.0RMB账户充值197970syuweu2]|hmac[67803029f230f10226b1dbd467dfb54c]
2015-02-05 13:03:17|orderid[197970]|str[10012372367Buy1715231266425202I100.0RMB账户充值197970syuweu2]|hmac[67803029f230f10226b1dbd467dfb54c]
2015-02-05 13:05:17|orderid[197970]|str[10012372367Buy1715231266425202I100.0RMB账户充值197970syuweu2]|hmac[67803029f230f10226b1dbd467dfb54c]
2015-02-05 13:07:17|orderid[197970]|str[10012372367Buy1715231266425202I100.0RMB账户充值197970syuweu2]|hmac[67803029f230f10226b1dbd467dfb54c]
2015-02-05 13:09:17|orderid[197970]|str[10012372367Buy1715231266425202I100.0RMB账户充值197970syuweu2]|hmac[67803029f230f10226b1dbd467dfb54c]
2015-02-05 13:11:16|orderid[197970]|str[10012372367Buy1715231266425202I100.0RMB账户充值197970syuweu2]|hmac[67803029f230f10226b1dbd467dfb54c]
2015-02-05 13:13:16|orderid[197970]|str[10012372367Buy1715231266425202I100.0RMB账户充值197970syuweu2]|hmac[67803029f230f10226b1dbd467dfb54c]
2015-02-05 13:15:16|orderid[197970]|str[10012372367Buy1715231266425202I100.0RMB账户充值197970syuweu2]|hmac[67803029f230f10226b1dbd467dfb54c]
2015-02-05 13:17:18|orderid[197970]|str[10012372367Buy1715231266425202I100.0RMB账户充值197970syuweu2]|hmac[67803029f230f10226b1dbd467dfb54c]
2015-02-05 13:19:16|orderid[197970]|str[10012372367Buy1715231266425202I100.0RMB账户充值197970syuweu2]|hmac[67803029f230f10226b1dbd467dfb54c]
2015-02-05 13:21:16|orderid[197970]|str[10012372367Buy1715231266425202I100.0RMB账户充值197970syuweu2]|hmac[67803029f230f10226b1dbd467dfb54c]
2015-02-05 13:23:15|orderid[197970]|str[10012372367Buy1715231266425202I100.0RMB账户充值197970syuweu2]|hmac[67803029f230f10226b1dbd467dfb54c]
2015-02-05 13:25:16|orderid[197970]|str[10012372367Buy1715231266425202I100.0RMB账户充值197970syuweu2]|hmac[67803029f230f10226b1dbd467dfb54c]
2015-02-05 13:27:15|orderid[197970]|str[10012372367Buy1715231266425202I100.0RMB账户充值197970syuweu2]|hmac[67803029f230f10226b1dbd467dfb54c]
2015-02-05 13:29:15|orderid[197970]|str[10012372367Buy1715231266425202I100.0RMB账户充值197970syuweu2]|hmac[67803029f230f10226b1dbd467dfb54c]
2015-02-05 13:31:15|orderid[197970]|str[10012372367Buy1715231266425202I100.0RMB账户充值197970syuweu2]|hmac[67803029f230f10226b1dbd467dfb54c]
2015-02-05 13:33:15|orderid[197970]|str[10012372367Buy1715231266425202I100.0RMB账户充值197970syuweu2]|hmac[67803029f230f10226b1dbd467dfb54c]
2015-02-05 13:35:15|orderid[197970]|str[10012372367Buy1715231266425202I100.0RMB账户充值197970syuweu2]|hmac[67803029f230f10226b1dbd467dfb54c]
2015-02-05 13:37:15|orderid[197970]|str[10012372367Buy1715231266425202I100.0RMB账户充值197970syuweu2]|hmac[67803029f230f10226b1dbd467dfb54c]
2015-02-05 13:39:15|orderid[197970]|str[10012372367Buy1715231266425202I100.0RMB账户充值197970syuweu2]|hmac[67803029f230f10226b1dbd467dfb54c]
2015-02-05 13:41:15|orderid[197970]|str[10012372367Buy1715231266425202I100.0RMB账户充值197970syuweu2]|hmac[67803029f230f10226b1dbd467dfb54c]
2015-02-05 16:14:09|orderid[489128]|str[Buy10012372367489128100CNY账户充值订单http://tsinghuaren.net/yeepayss/callback.php0sos8861]|hmac[c0135dc8fb7806a67d6010ff92b1b43d]
2015-02-05 16:14:12|orderid[0]|str[Buy1001237236700CNY账户充值订单http://tsinghuaren.net/yeepayss/callback.php01]|hmac[35d1b07f27534858a591e75ef2eeaec7]
2015-02-05 16:14:12|orderid[0]|str[Buy1001237236700CNY账户充值订单http://tsinghuaren.net/yeepayss/callback.php01]|hmac[35d1b07f27534858a591e75ef2eeaec7]
2015-02-05 16:14:20|orderid[489128]|str[Buy10012372367489128100CNY账户充值订单http://tsinghuaren.net/yeepayss/callback.php0sos8861]|hmac[c0135dc8fb7806a67d6010ff92b1b43d]
2015-02-05 16:15:31|orderid[489128]|str[10012372367Buy1818179789832112E100.0RMB账户充值489128sos8861]|hmac[c92053b14b135c3640a9ccd9668cef1f]
2015-02-05 16:15:39|orderid[489128]|str[10012372367Buy1818179789832112E100.0RMB账户充值489128sos8862]|hmac[e8c8cbf311af021baf7f3e53067e9af7]
2015-02-05 16:17:17|orderid[489128]|str[10012372367Buy1818179789832112E100.0RMB账户充值489128sos8862]|hmac[e8c8cbf311af021baf7f3e53067e9af7]
2015-02-05 16:19:18|orderid[489128]|str[10012372367Buy1818179789832112E100.0RMB账户充值489128sos8862]|hmac[e8c8cbf311af021baf7f3e53067e9af7]
2015-02-05 16:20:20|orderid[489128]|str[10012372367Buy1818179789832112E100.0RMB账户充值489128sos8862]|hmac[e8c8cbf311af021baf7f3e53067e9af7]
2015-02-05 16:23:17|orderid[489128]|str[10012372367Buy1818179789832112E100.0RMB账户充值489128sos8862]|hmac[e8c8cbf311af021baf7f3e53067e9af7]
2015-02-05 16:25:18|orderid[489128]|str[10012372367Buy1818179789832112E100.0RMB账户充值489128sos8862]|hmac[e8c8cbf311af021baf7f3e53067e9af7]
2015-02-05 16:27:17|orderid[489128]|str[10012372367Buy1818179789832112E100.0RMB账户充值489128sos8862]|hmac[e8c8cbf311af021baf7f3e53067e9af7]
2015-02-05 16:29:18|orderid[489128]|str[10012372367Buy1818179789832112E100.0RMB账户充值489128sos8862]|hmac[e8c8cbf311af021baf7f3e53067e9af7]
2015-02-05 16:31:17|orderid[489128]|str[10012372367Buy1818179789832112E100.0RMB账户充值489128sos8862]|hmac[e8c8cbf311af021baf7f3e53067e9af7]
2015-02-05 16:33:16|orderid[489128]|str[10012372367Buy1818179789832112E100.0RMB账户充值489128sos8862]|hmac[e8c8cbf311af021baf7f3e53067e9af7]
2015-02-05 16:35:16|orderid[489128]|str[10012372367Buy1818179789832112E100.0RMB账户充值489128sos8862]|hmac[e8c8cbf311af021baf7f3e53067e9af7]
2015-02-05 16:37:16|orderid[489128]|str[10012372367Buy1818179789832112E100.0RMB账户充值489128sos8862]|hmac[e8c8cbf311af021baf7f3e53067e9af7]
2015-02-05 16:38:18|orderid[489128]|str[10012372367Buy1818179789832112E100.0RMB账户充值489128sos8862]|hmac[e8c8cbf311af021baf7f3e53067e9af7]
2015-02-05 16:40:18|orderid[489128]|str[10012372367Buy1818179789832112E100.0RMB账户充值489128sos8862]|hmac[e8c8cbf311af021baf7f3e53067e9af7]
2015-02-05 16:43:15|orderid[489128]|str[10012372367Buy1818179789832112E100.0RMB账户充值489128sos8862]|hmac[e8c8cbf311af021baf7f3e53067e9af7]
2015-02-05 16:44:24|orderid[489128]|str[10012372367Buy1818179789832112E100.0RMB账户充值489128sos8862]|hmac[e8c8cbf311af021baf7f3e53067e9af7]
2015-02-05 16:46:17|orderid[489128]|str[10012372367Buy1818179789832112E100.0RMB账户充值489128sos8862]|hmac[e8c8cbf311af021baf7f3e53067e9af7]
2015-02-05 16:49:20|orderid[489128]|str[10012372367Buy1818179789832112E100.0RMB账户充值489128sos8862]|hmac[e8c8cbf311af021baf7f3e53067e9af7]
2015-02-05 16:51:20|orderid[489128]|str[10012372367Buy1818179789832112E100.0RMB账户充值489128sos8862]|hmac[e8c8cbf311af021baf7f3e53067e9af7]
2015-02-05 16:53:19|orderid[489128]|str[10012372367Buy1818179789832112E100.0RMB账户充值489128sos8862]|hmac[e8c8cbf311af021baf7f3e53067e9af7]
2015-02-05 16:55:14|orderid[489128]|str[10012372367Buy1818179789832112E100.0RMB账户充值489128sos8862]|hmac[e8c8cbf311af021baf7f3e53067e9af7]
2015-02-05 21:56:48|orderid[242718]|str[Buy100123723672427181000CNY账户充值订单http://tsinghuaren.net/yeepayss/callback.php0lllttt1231]|hmac[0378ba1a14e1c39c42656bd361f8e93a]
2015-02-05 22:00:57|orderid[893764]|str[Buy100123723678937641000CNY账户充值订单http://tsinghuaren.net/yeepayss/callback.php0lllttt1231]|hmac[a3a868b81d047323c68fe79eb550e2fc]
2015-02-05 22:01:24|orderid[893764]|str[Buy100123723678937641000CNY账户充值订单http://tsinghuaren.net/yeepayss/callback.php0lllttt1231]|hmac[a3a868b81d047323c68fe79eb550e2fc]
2015-02-05 22:01:48|orderid[893764]|str[Buy100123723678937641000CNY账户充值订单http://tsinghuaren.net/yeepayss/callback.php0lllttt1231]|hmac[a3a868b81d047323c68fe79eb550e2fc]
2015-02-05 22:02:14|orderid[319172]|str[Buy10012372367319172123CNY账户充值订单http://tsinghuaren.net/yeepayss/callback.php0lllttt1231]|hmac[f33362947b479071bf3f90cda35a559b]
2015-02-05 22:04:09|orderid[319172]|str[10012372367Buy1868516274952252I123.0RMB账户充值319172lllttt1231]|hmac[5742e7a6305efdced1d556eb7750ca5f]
2015-02-05 22:04:19|orderid[319172]|str[10012372367Buy1868516274952252I123.0RMB账户充值319172lllttt1231]|hmac[5742e7a6305efdced1d556eb7750ca5f]
2015-02-05 22:04:27|orderid[319172]|str[10012372367Buy1868516274952252I123.0RMB账户充值319172lllttt1232]|hmac[78282a82a602b7975af6f8167b2f1d4e]
2015-02-05 22:05:04|orderid[0]|str[Buy1001237236700CNY账户充值订单http://tsinghuaren.net/yeepayss/callback.php01]|hmac[35d1b07f27534858a591e75ef2eeaec7]
2015-02-05 22:05:19|orderid[319172]|str[10012372367Buy1868516274952252I123.0RMB账户充值319172lllttt1232]|hmac[78282a82a602b7975af6f8167b2f1d4e]
2015-02-05 22:07:28|orderid[319172]|str[10012372367Buy1868516274952252I123.0RMB账户充值319172lllttt1232]|hmac[78282a82a602b7975af6f8167b2f1d4e]
2015-02-05 22:09:18|orderid[319172]|str[10012372367Buy1868516274952252I123.0RMB账户充值319172lllttt1232]|hmac[78282a82a602b7975af6f8167b2f1d4e]
2015-02-05 22:11:18|orderid[319172]|str[10012372367Buy1868516274952252I123.0RMB账户充值319172lllttt1232]|hmac[78282a82a602b7975af6f8167b2f1d4e]
2015-02-05 22:13:21|orderid[319172]|str[10012372367Buy1868516274952252I123.0RMB账户充值319172lllttt1232]|hmac[78282a82a602b7975af6f8167b2f1d4e]
2015-02-05 22:15:21|orderid[319172]|str[10012372367Buy1868516274952252I123.0RMB账户充值319172lllttt1232]|hmac[78282a82a602b7975af6f8167b2f1d4e]
2015-02-05 22:17:17|orderid[319172]|str[10012372367Buy1868516274952252I123.0RMB账户充值319172lllttt1232]|hmac[78282a82a602b7975af6f8167b2f1d4e]
2015-02-05 22:19:20|orderid[319172]|str[10012372367Buy1868516274952252I123.0RMB账户充值319172lllttt1232]|hmac[78282a82a602b7975af6f8167b2f1d4e]
2015-02-05 22:21:18|orderid[319172]|str[10012372367Buy1868516274952252I123.0RMB账户充值319172lllttt1232]|hmac[78282a82a602b7975af6f8167b2f1d4e]
2015-02-05 22:23:17|orderid[319172]|str[10012372367Buy1868516274952252I123.0RMB账户充值319172lllttt1232]|hmac[78282a82a602b7975af6f8167b2f1d4e]
2015-02-05 22:25:17|orderid[319172]|str[10012372367Buy1868516274952252I123.0RMB账户充值319172lllttt1232]|hmac[78282a82a602b7975af6f8167b2f1d4e]
2015-02-05 22:27:17|orderid[319172]|str[10012372367Buy1868516274952252I123.0RMB账户充值319172lllttt1232]|hmac[78282a82a602b7975af6f8167b2f1d4e]
2015-02-05 22:28:19|orderid[319172]|str[10012372367Buy1868516274952252I123.0RMB账户充值319172lllttt1232]|hmac[78282a82a602b7975af6f8167b2f1d4e]
2015-02-05 22:31:19|orderid[319172]|str[10012372367Buy1868516274952252I123.0RMB账户充值319172lllttt1232]|hmac[78282a82a602b7975af6f8167b2f1d4e]
2015-02-05 22:33:19|orderid[319172]|str[10012372367Buy1868516274952252I123.0RMB账户充值319172lllttt1232]|hmac[78282a82a602b7975af6f8167b2f1d4e]
2015-02-05 22:35:19|orderid[319172]|str[10012372367Buy1868516274952252I123.0RMB账户充值319172lllttt1232]|hmac[78282a82a602b7975af6f8167b2f1d4e]
2015-02-05 22:37:16|orderid[319172]|str[10012372367Buy1868516274952252I123.0RMB账户充值319172lllttt1232]|hmac[78282a82a602b7975af6f8167b2f1d4e]
2015-02-05 22:39:15|orderid[319172]|str[10012372367Buy1868516274952252I123.0RMB账户充值319172lllttt1232]|hmac[78282a82a602b7975af6f8167b2f1d4e]
2015-02-05 22:41:16|orderid[319172]|str[10012372367Buy1868516274952252I123.0RMB账户充值319172lllttt1232]|hmac[78282a82a602b7975af6f8167b2f1d4e]
2015-02-05 22:43:16|orderid[319172]|str[10012372367Buy1868516274952252I123.0RMB账户充值319172lllttt1232]|hmac[78282a82a602b7975af6f8167b2f1d4e]
2015-02-06 05:12:27|orderid[328240]|str[Buy100123723673282401000CNY账户充值订单http://tsinghuaren.net/yeepayss/callback.php0lllttt1231]|hmac[32874ef49918c3f933a8b1caf422cbc9]
2015-02-06 05:15:18|orderid[328240]|str[10012372367Buy1914228213810561I1000.0RMB账户充值328240lllttt1232]|hmac[4e39b87198bef3b257f6b2e3c97dd8d9]
2015-02-06 05:17:15|orderid[328240]|str[10012372367Buy1914228213810561I1000.0RMB账户充值328240lllttt1232]|hmac[4e39b87198bef3b257f6b2e3c97dd8d9]
2015-02-06 05:19:15|orderid[328240]|str[10012372367Buy1914228213810561I1000.0RMB账户充值328240lllttt1232]|hmac[4e39b87198bef3b257f6b2e3c97dd8d9]
2015-02-06 05:21:16|orderid[328240]|str[10012372367Buy1914228213810561I1000.0RMB账户充值328240lllttt1232]|hmac[4e39b87198bef3b257f6b2e3c97dd8d9]
2015-02-06 05:23:15|orderid[328240]|str[10012372367Buy1914228213810561I1000.0RMB账户充值328240lllttt1232]|hmac[4e39b87198bef3b257f6b2e3c97dd8d9]
2015-02-06 05:25:15|orderid[328240]|str[10012372367Buy1914228213810561I1000.0RMB账户充值328240lllttt1232]|hmac[4e39b87198bef3b257f6b2e3c97dd8d9]
2015-02-06 05:27:15|orderid[328240]|str[10012372367Buy1914228213810561I1000.0RMB账户充值328240lllttt1232]|hmac[4e39b87198bef3b257f6b2e3c97dd8d9]
2015-02-06 05:29:15|orderid[328240]|str[10012372367Buy1914228213810561I1000.0RMB账户充值328240lllttt1232]|hmac[4e39b87198bef3b257f6b2e3c97dd8d9]
2015-02-06 05:30:18|orderid[328240]|str[10012372367Buy1914228213810561I1000.0RMB账户充值328240lllttt1232]|hmac[4e39b87198bef3b257f6b2e3c97dd8d9]
2015-02-06 05:33:15|orderid[328240]|str[10012372367Buy1914228213810561I1000.0RMB账户充值328240lllttt1232]|hmac[4e39b87198bef3b257f6b2e3c97dd8d9]
2015-02-06 05:35:15|orderid[328240]|str[10012372367Buy1914228213810561I1000.0RMB账户充值328240lllttt1232]|hmac[4e39b87198bef3b257f6b2e3c97dd8d9]
2015-02-06 05:37:15|orderid[328240]|str[10012372367Buy1914228213810561I1000.0RMB账户充值328240lllttt1232]|hmac[4e39b87198bef3b257f6b2e3c97dd8d9]
2015-02-06 05:39:15|orderid[328240]|str[10012372367Buy1914228213810561I1000.0RMB账户充值328240lllttt1232]|hmac[4e39b87198bef3b257f6b2e3c97dd8d9]
2015-02-06 05:41:15|orderid[328240]|str[10012372367Buy1914228213810561I1000.0RMB账户充值328240lllttt1232]|hmac[4e39b87198bef3b257f6b2e3c97dd8d9]
2015-02-06 05:43:15|orderid[328240]|str[10012372367Buy1914228213810561I1000.0RMB账户充值328240lllttt1232]|hmac[4e39b87198bef3b257f6b2e3c97dd8d9]
2015-02-06 05:45:15|orderid[328240]|str[10012372367Buy1914228213810561I1000.0RMB账户充值328240lllttt1232]|hmac[4e39b87198bef3b257f6b2e3c97dd8d9]
2015-02-06 05:47:15|orderid[328240]|str[10012372367Buy1914228213810561I1000.0RMB账户充值328240lllttt1232]|hmac[4e39b87198bef3b257f6b2e3c97dd8d9]
2015-02-06 05:48:18|orderid[328240]|str[10012372367Buy1914228213810561I1000.0RMB账户充值328240lllttt1232]|hmac[4e39b87198bef3b257f6b2e3c97dd8d9]
2015-02-06 05:51:15|orderid[328240]|str[10012372367Buy1914228213810561I1000.0RMB账户充值328240lllttt1232]|hmac[4e39b87198bef3b257f6b2e3c97dd8d9]
2015-02-06 05:53:15|orderid[328240]|str[10012372367Buy1914228213810561I1000.0RMB账户充值328240lllttt1232]|hmac[4e39b87198bef3b257f6b2e3c97dd8d9]
2015-02-06 05:55:14|orderid[328240]|str[10012372367Buy1914228213810561I1000.0RMB账户充值328240lllttt1232]|hmac[4e39b87198bef3b257f6b2e3c97dd8d9]
2015-02-06 12:33:46|orderid[268132]|str[Buy10012372367268132100CNY账户充值订单http://tsinghuaren.net/yeepayss/callback.php0lllttt1231]|hmac[f4ad56749e09e20996e63fbe0beed590]
2015-02-06 12:35:44|orderid[268132]|str[10012372367Buy1918421144440561I100.0RMB账户充值268132lllttt1232]|hmac[9bc62651b291723b64cd7130817459fd]
2015-02-06 12:37:17|orderid[268132]|str[10012372367Buy1918421144440561I100.0RMB账户充值268132lllttt1232]|hmac[9bc62651b291723b64cd7130817459fd]
2015-02-06 12:39:17|orderid[268132]|str[10012372367Buy1918421144440561I100.0RMB账户充值268132lllttt1232]|hmac[9bc62651b291723b64cd7130817459fd]
2015-02-06 12:41:17|orderid[268132]|str[10012372367Buy1918421144440561I100.0RMB账户充值268132lllttt1232]|hmac[9bc62651b291723b64cd7130817459fd]
2015-02-06 12:43:16|orderid[268132]|str[10012372367Buy1918421144440561I100.0RMB账户充值268132lllttt1232]|hmac[9bc62651b291723b64cd7130817459fd]
2015-02-06 12:45:16|orderid[268132]|str[10012372367Buy1918421144440561I100.0RMB账户充值268132lllttt1232]|hmac[9bc62651b291723b64cd7130817459fd]
2015-02-06 12:47:16|orderid[268132]|str[10012372367Buy1918421144440561I100.0RMB账户充值268132lllttt1232]|hmac[9bc62651b291723b64cd7130817459fd]
2015-02-06 12:48:20|orderid[268132]|str[10012372367Buy1918421144440561I100.0RMB账户充值268132lllttt1232]|hmac[9bc62651b291723b64cd7130817459fd]
2015-02-06 12:51:15|orderid[268132]|str[10012372367Buy1918421144440561I100.0RMB账户充值268132lllttt1232]|hmac[9bc62651b291723b64cd7130817459fd]
2015-02-06 12:53:15|orderid[268132]|str[10012372367Buy1918421144440561I100.0RMB账户充值268132lllttt1232]|hmac[9bc62651b291723b64cd7130817459fd]
2015-02-06 12:55:14|orderid[268132]|str[10012372367Buy1918421144440561I100.0RMB账户充值268132lllttt1232]|hmac[9bc62651b291723b64cd7130817459fd]
2015-02-06 12:57:14|orderid[268132]|str[10012372367Buy1918421144440561I100.0RMB账户充值268132lllttt1232]|hmac[9bc62651b291723b64cd7130817459fd]
2015-02-06 12:59:15|orderid[268132]|str[10012372367Buy1918421144440561I100.0RMB账户充值268132lllttt1232]|hmac[9bc62651b291723b64cd7130817459fd]
2015-02-06 13:01:14|orderid[268132]|str[10012372367Buy1918421144440561I100.0RMB账户充值268132lllttt1232]|hmac[9bc62651b291723b64cd7130817459fd]
2015-02-06 13:03:14|orderid[268132]|str[10012372367Buy1918421144440561I100.0RMB账户充值268132lllttt1232]|hmac[9bc62651b291723b64cd7130817459fd]
2015-02-06 13:04:19|orderid[268132]|str[10012372367Buy1918421144440561I100.0RMB账户充值268132lllttt1232]|hmac[9bc62651b291723b64cd7130817459fd]
2015-02-06 13:06:19|orderid[268132]|str[10012372367Buy1918421144440561I100.0RMB账户充值268132lllttt1232]|hmac[9bc62651b291723b64cd7130817459fd]
2015-02-06 13:09:15|orderid[268132]|str[10012372367Buy1918421144440561I100.0RMB账户充值268132lllttt1232]|hmac[9bc62651b291723b64cd7130817459fd]
2015-02-06 13:11:14|orderid[268132]|str[10012372367Buy1918421144440561I100.0RMB账户充值268132lllttt1232]|hmac[9bc62651b291723b64cd7130817459fd]
2015-02-06 13:13:14|orderid[268132]|str[10012372367Buy1918421144440561I100.0RMB账户充值268132lllttt1232]|hmac[9bc62651b291723b64cd7130817459fd]
2015-02-06 13:15:15|orderid[268132]|str[10012372367Buy1918421144440561I100.0RMB账户充值268132lllttt1232]|hmac[9bc62651b291723b64cd7130817459fd]
2015-02-07 19:06:26|orderid[532788]|str[Buy10012372367532788100CNY账户充值订单http://tsinghuaren.net/yeepayss/callback.php0boos11]|hmac[842a6981f150d68b144b5d0e3da5809e]
2015-02-07 19:08:08|orderid[0]|str[Buy1001237236700CNY账户充值订单http://tsinghuaren.net/yeepayss/callback.php01]|hmac[35d1b07f27534858a591e75ef2eeaec7]
2015-02-07 19:08:12|orderid[532788]|str[10012372367Buy1218372629891526J100.0RMB账户充值532788boos11]|hmac[2a4c7e6c21787dd3293cd0ff52535a51]
2015-02-07 19:08:34|orderid[532788]|str[10012372367Buy1218372629891526J100.0RMB账户充值532788boos12]|hmac[16197775845d8831023f3282d874e3d7]
2015-02-07 19:09:17|orderid[532788]|str[10012372367Buy1218372629891526J100.0RMB账户充值532788boos12]|hmac[16197775845d8831023f3282d874e3d7]
2015-02-07 19:10:33|orderid[673504]|str[Buy10012372367673504105CNY账户充值订单http://tsinghuaren.net/yeepayss/callback.php0boos11]|hmac[9c09537ba098ddc4b537bb4c79959222]
2015-02-07 19:10:42|orderid[851464]|str[Buy10012372367851464100CNY账户充值订单http://tsinghuaren.net/yeepayss/callback.php0xiao1234561]|hmac[f315e47058a3272db582070faa7dd129]
2015-02-07 19:11:07|orderid[851464]|str[Buy10012372367851464100CNY账户充值订单http://tsinghuaren.net/yeepayss/callback.php0xiao1234561]|hmac[f315e47058a3272db582070faa7dd129]
2015-02-07 19:11:12|orderid[851464]|str[Buy10012372367851464100CNY账户充值订单http://tsinghuaren.net/yeepayss/callback.php0xiao1234561]|hmac[f315e47058a3272db582070faa7dd129]
2015-02-07 19:11:16|orderid[532788]|str[10012372367Buy1218372629891526J100.0RMB账户充值532788boos12]|hmac[16197775845d8831023f3282d874e3d7]
2015-02-07 19:12:23|orderid[532788]|str[10012372367Buy1218372629891526J100.0RMB账户充值532788boos12]|hmac[16197775845d8831023f3282d874e3d7]
2015-02-07 19:15:16|orderid[532788]|str[10012372367Buy1218372629891526J100.0RMB账户充值532788boos12]|hmac[16197775845d8831023f3282d874e3d7]
2015-02-07 19:17:16|orderid[532788]|str[10012372367Buy1218372629891526J100.0RMB账户充值532788boos12]|hmac[16197775845d8831023f3282d874e3d7]
2015-02-07 19:19:15|orderid[532788]|str[10012372367Buy1218372629891526J100.0RMB账户充值532788boos12]|hmac[16197775845d8831023f3282d874e3d7]
2015-02-07 19:21:16|orderid[532788]|str[10012372367Buy1218372629891526J100.0RMB账户充值532788boos12]|hmac[16197775845d8831023f3282d874e3d7]
2015-02-07 19:23:15|orderid[532788]|str[10012372367Buy1218372629891526J100.0RMB账户充值532788boos12]|hmac[16197775845d8831023f3282d874e3d7]
2015-02-07 19:25:17|orderid[532788]|str[10012372367Buy1218372629891526J100.0RMB账户充值532788boos12]|hmac[16197775845d8831023f3282d874e3d7]
2015-02-07 19:27:16|orderid[532788]|str[10012372367Buy1218372629891526J100.0RMB账户充值532788boos12]|hmac[16197775845d8831023f3282d874e3d7]
2015-02-07 19:29:16|orderid[532788]|str[10012372367Buy1218372629891526J100.0RMB账户充值532788boos12]|hmac[16197775845d8831023f3282d874e3d7]
2015-02-07 19:31:16|orderid[532788]|str[10012372367Buy1218372629891526J100.0RMB账户充值532788boos12]|hmac[16197775845d8831023f3282d874e3d7]
2015-02-07 19:33:16|orderid[532788]|str[10012372367Buy1218372629891526J100.0RMB账户充值532788boos12]|hmac[16197775845d8831023f3282d874e3d7]
2015-02-07 19:35:15|orderid[532788]|str[10012372367Buy1218372629891526J100.0RMB账户充值532788boos12]|hmac[16197775845d8831023f3282d874e3d7]
2015-02-07 19:37:16|orderid[532788]|str[10012372367Buy1218372629891526J100.0RMB账户充值532788boos12]|hmac[16197775845d8831023f3282d874e3d7]
2015-02-07 19:39:15|orderid[532788]|str[10012372367Buy1218372629891526J100.0RMB账户充值532788boos12]|hmac[16197775845d8831023f3282d874e3d7]
2015-02-07 19:41:16|orderid[532788]|str[10012372367Buy1218372629891526J100.0RMB账户充值532788boos12]|hmac[16197775845d8831023f3282d874e3d7]
2015-02-07 19:43:15|orderid[532788]|str[10012372367Buy1218372629891526J100.0RMB账户充值532788boos12]|hmac[16197775845d8831023f3282d874e3d7]
2015-02-07 19:45:15|orderid[532788]|str[10012372367Buy1218372629891526J100.0RMB账户充值532788boos12]|hmac[16197775845d8831023f3282d874e3d7]
2015-02-07 19:46:23|orderid[532788]|str[10012372367Buy1218372629891526J100.0RMB账户充值532788boos12]|hmac[16197775845d8831023f3282d874e3d7]
2015-02-08 12:09:22|orderid[622946]|str[Buy10012372367622946100CNY账户充值订单http://tsinghuaren.net/yeepayss/callback.php0085103361]|hmac[e9c49cce27ba0a7ef851ddedef07400f]
2015-02-08 12:10:25|orderid[622946]|str[Buy10012372367622946100CNY账户充值订单http://tsinghuaren.net/yeepayss/callback.php0085103361]|hmac[e9c49cce27ba0a7ef851ddedef07400f]
2015-02-08 12:12:32|orderid[482208]|str[Buy10012372367482208100CNY账户充值订单http://tsinghuaren.net/yeepayss/callback.php0085103361]|hmac[6f48ec1c38328e47fe3356141ca2f093]
2015-02-08 12:14:29|orderid[482208]|str[10012372367Buy1914269290942561I100.0RMB账户充值482208085103361]|hmac[1192445e7233257b1fc4ab51f44eb038]
2015-02-08 12:14:33|orderid[482208]|str[10012372367Buy1914269290942561I100.0RMB账户充值482208085103361]|hmac[1192445e7233257b1fc4ab51f44eb038]
2015-02-08 12:14:50|orderid[482208]|str[10012372367Buy1914269290942561I100.0RMB账户充值482208085103362]|hmac[5f96f0e35e25a7b8984fc0f9d51934f4]
2015-02-08 12:15:20|orderid[482208]|str[10012372367Buy1914269290942561I100.0RMB账户充值482208085103362]|hmac[5f96f0e35e25a7b8984fc0f9d51934f4]
2015-02-08 12:17:17|orderid[482208]|str[10012372367Buy1914269290942561I100.0RMB账户充值482208085103362]|hmac[5f96f0e35e25a7b8984fc0f9d51934f4]
2015-02-08 12:19:16|orderid[482208]|str[10012372367Buy1914269290942561I100.0RMB账户充值482208085103362]|hmac[5f96f0e35e25a7b8984fc0f9d51934f4]
2015-02-08 12:21:16|orderid[482208]|str[10012372367Buy1914269290942561I100.0RMB账户充值482208085103362]|hmac[5f96f0e35e25a7b8984fc0f9d51934f4]
2015-02-08 12:23:16|orderid[482208]|str[10012372367Buy1914269290942561I100.0RMB账户充值482208085103362]|hmac[5f96f0e35e25a7b8984fc0f9d51934f4]
2015-02-08 12:25:16|orderid[482208]|str[10012372367Buy1914269290942561I100.0RMB账户充值482208085103362]|hmac[5f96f0e35e25a7b8984fc0f9d51934f4]
2015-02-08 12:27:16|orderid[482208]|str[10012372367Buy1914269290942561I100.0RMB账户充值482208085103362]|hmac[5f96f0e35e25a7b8984fc0f9d51934f4]
2015-02-08 12:29:15|orderid[482208]|str[10012372367Buy1914269290942561I100.0RMB账户充值482208085103362]|hmac[5f96f0e35e25a7b8984fc0f9d51934f4]
2015-02-08 12:31:16|orderid[482208]|str[10012372367Buy1914269290942561I100.0RMB账户充值482208085103362]|hmac[5f96f0e35e25a7b8984fc0f9d51934f4]
2015-02-08 12:33:16|orderid[482208]|str[10012372367Buy1914269290942561I100.0RMB账户充值482208085103362]|hmac[5f96f0e35e25a7b8984fc0f9d51934f4]
2015-02-08 12:35:15|orderid[482208]|str[10012372367Buy1914269290942561I100.0RMB账户充值482208085103362]|hmac[5f96f0e35e25a7b8984fc0f9d51934f4]
2015-02-08 12:37:16|orderid[482208]|str[10012372367Buy1914269290942561I100.0RMB账户充值482208085103362]|hmac[5f96f0e35e25a7b8984fc0f9d51934f4]
2015-02-08 12:39:15|orderid[482208]|str[10012372367Buy1914269290942561I100.0RMB账户充值482208085103362]|hmac[5f96f0e35e25a7b8984fc0f9d51934f4]
2015-02-08 12:40:23|orderid[482208]|str[10012372367Buy1914269290942561I100.0RMB账户充值482208085103362]|hmac[5f96f0e35e25a7b8984fc0f9d51934f4]
2015-02-08 12:43:15|orderid[482208]|str[10012372367Buy1914269290942561I100.0RMB账户充值482208085103362]|hmac[5f96f0e35e25a7b8984fc0f9d51934f4]
2015-02-08 12:45:15|orderid[482208]|str[10012372367Buy1914269290942561I100.0RMB账户充值482208085103362]|hmac[5f96f0e35e25a7b8984fc0f9d51934f4]
2015-02-08 12:47:15|orderid[482208]|str[10012372367Buy1914269290942561I100.0RMB账户充值482208085103362]|hmac[5f96f0e35e25a7b8984fc0f9d51934f4]
2015-02-08 12:49:15|orderid[482208]|str[10012372367Buy1914269290942561I100.0RMB账户充值482208085103362]|hmac[5f96f0e35e25a7b8984fc0f9d51934f4]
2015-02-08 12:51:15|orderid[482208]|str[10012372367Buy1914269290942561I100.0RMB账户充值482208085103362]|hmac[5f96f0e35e25a7b8984fc0f9d51934f4]
2015-02-08 12:53:14|orderid[482208]|str[10012372367Buy1914269290942561I100.0RMB账户充值482208085103362]|hmac[5f96f0e35e25a7b8984fc0f9d51934f4]
2015-02-09 00:39:01|orderid[982237]|str[Buy100123723679822371000CNY账户充值订单http://tsinghuaren.net/yeepayss/callback.php0gw3330991]|hmac[ba4b765d564d80ba702cc16f6a68a838]
2015-02-09 17:03:10|orderid[570649]|str[Buy10012372367570649100CNY账户充值订单http://tsinghuaren.net/yeepayss/callback.php0gaozi011]|hmac[fa60a882c265699c75ae87d569a44ae4]
2015-02-09 17:05:19|orderid[570649]|str[10012372367Buy1115729168455334I100.0RMB账户充值570649gaozi011]|hmac[fb56b77efcc5436b1fdb8dbeea25895e]
2015-02-09 17:05:28|orderid[570649]|str[10012372367Buy1115729168455334I100.0RMB账户充值570649gaozi011]|hmac[fb56b77efcc5436b1fdb8dbeea25895e]
2015-02-09 17:05:39|orderid[570649]|str[10012372367Buy1115729168455334I100.0RMB账户充值570649gaozi012]|hmac[6ae65804134b107e9026a6d01e1cf212]
2015-02-09 17:07:19|orderid[570649]|str[10012372367Buy1115729168455334I100.0RMB账户充值570649gaozi012]|hmac[6ae65804134b107e9026a6d01e1cf212]
2015-02-09 17:09:21|orderid[570649]|str[10012372367Buy1115729168455334I100.0RMB账户充值570649gaozi012]|hmac[6ae65804134b107e9026a6d01e1cf212]
2015-02-09 17:11:17|orderid[570649]|str[10012372367Buy1115729168455334I100.0RMB账户充值570649gaozi012]|hmac[6ae65804134b107e9026a6d01e1cf212]
2015-02-09 17:13:18|orderid[570649]|str[10012372367Buy1115729168455334I100.0RMB账户充值570649gaozi012]|hmac[6ae65804134b107e9026a6d01e1cf212]
2015-02-09 17:15:17|orderid[570649]|str[10012372367Buy1115729168455334I100.0RMB账户充值570649gaozi012]|hmac[6ae65804134b107e9026a6d01e1cf212]
2015-02-09 17:17:20|orderid[570649]|str[10012372367Buy1115729168455334I100.0RMB账户充值570649gaozi012]|hmac[6ae65804134b107e9026a6d01e1cf212]
2015-02-09 17:18:27|orderid[570649]|str[10012372367Buy1115729168455334I100.0RMB账户充值570649gaozi012]|hmac[6ae65804134b107e9026a6d01e1cf212]
2015-02-09 17:21:17|orderid[570649]|str[10012372367Buy1115729168455334I100.0RMB账户充值570649gaozi012]|hmac[6ae65804134b107e9026a6d01e1cf212]
2015-02-09 17:23:16|orderid[570649]|str[10012372367Buy1115729168455334I100.0RMB账户充值570649gaozi012]|hmac[6ae65804134b107e9026a6d01e1cf212]
2015-02-09 17:25:16|orderid[570649]|str[10012372367Buy1115729168455334I100.0RMB账户充值570649gaozi012]|hmac[6ae65804134b107e9026a6d01e1cf212]
2015-02-09 17:27:16|orderid[570649]|str[10012372367Buy1115729168455334I100.0RMB账户充值570649gaozi012]|hmac[6ae65804134b107e9026a6d01e1cf212]
2015-02-09 17:29:16|orderid[570649]|str[10012372367Buy1115729168455334I100.0RMB账户充值570649gaozi012]|hmac[6ae65804134b107e9026a6d01e1cf212]
2015-02-09 17:31:15|orderid[570649]|str[10012372367Buy1115729168455334I100.0RMB账户充值570649gaozi012]|hmac[6ae65804134b107e9026a6d01e1cf212]
2015-02-09 17:33:16|orderid[570649]|str[10012372367Buy1115729168455334I100.0RMB账户充值570649gaozi012]|hmac[6ae65804134b107e9026a6d01e1cf212]
2015-02-09 17:35:15|orderid[570649]|str[10012372367Buy1115729168455334I100.0RMB账户充值570649gaozi012]|hmac[6ae65804134b107e9026a6d01e1cf212]
2015-02-09 17:36:26|orderid[570649]|str[10012372367Buy1115729168455334I100.0RMB账户充值570649gaozi012]|hmac[6ae65804134b107e9026a6d01e1cf212]
2015-02-09 17:39:15|orderid[570649]|str[10012372367Buy1115729168455334I100.0RMB账户充值570649gaozi012]|hmac[6ae65804134b107e9026a6d01e1cf212]
2015-02-09 17:41:15|orderid[570649]|str[10012372367Buy1115729168455334I100.0RMB账户充值570649gaozi012]|hmac[6ae65804134b107e9026a6d01e1cf212]
2015-02-09 17:43:16|orderid[570649]|str[10012372367Buy1115729168455334I100.0RMB账户充值570649gaozi012]|hmac[6ae65804134b107e9026a6d01e1cf212]
2015-02-09 17:45:15|orderid[570649]|str[10012372367Buy1115729168455334I100.0RMB账户充值570649gaozi012]|hmac[6ae65804134b107e9026a6d01e1cf212]
2015-02-10 16:40:23|orderid[829569]|str[Buy10012372367829569100CNY账户充值订单http://tsinghuaren.net/yeepayss/callback.php0ag25015061]|hmac[9ae2cff776a0fe018ac470e37f5711ff]
2015-02-10 19:24:15|orderid[310811]|str[Buy10012372367310811100CNY账户充值订单http://tsinghuaren.net/yeepayss/callback.php0qq4133024461]|hmac[7e5ad60c88cf618ae7b2472d40e968b3]
2015-02-10 19:26:04|orderid[310811]|str[10012372367Buy1818180372252132E100.0RMB账户充值310811qq4133024461]|hmac[08b67edb5bb514e2aed2a8846254b6c7]
2015-02-10 19:26:22|orderid[310811]|str[10012372367Buy1818180372252132E100.0RMB账户充值310811qq4133024462]|hmac[7acc55aa14b8838231e7d358eef49465]
2015-02-10 19:27:18|orderid[310811]|str[10012372367Buy1818180372252132E100.0RMB账户充值310811qq4133024462]|hmac[7acc55aa14b8838231e7d358eef49465]
2015-02-10 19:29:18|orderid[310811]|str[10012372367Buy1818180372252132E100.0RMB账户充值310811qq4133024462]|hmac[7acc55aa14b8838231e7d358eef49465]
2015-02-10 19:31:18|orderid[310811]|str[10012372367Buy1818180372252132E100.0RMB账户充值310811qq4133024462]|hmac[7acc55aa14b8838231e7d358eef49465]
2015-02-10 19:33:17|orderid[310811]|str[10012372367Buy1818180372252132E100.0RMB账户充值310811qq4133024462]|hmac[7acc55aa14b8838231e7d358eef49465]
2015-02-10 19:35:18|orderid[310811]|str[10012372367Buy1818180372252132E100.0RMB账户充值310811qq4133024462]|hmac[7acc55aa14b8838231e7d358eef49465]
2015-02-10 19:37:18|orderid[310811]|str[10012372367Buy1818180372252132E100.0RMB账户充值310811qq4133024462]|hmac[7acc55aa14b8838231e7d358eef49465]
2015-02-10 19:38:30|orderid[310811]|str[10012372367Buy1818180372252132E100.0RMB账户充值310811qq4133024462]|hmac[7acc55aa14b8838231e7d358eef49465]
2015-02-10 19:41:17|orderid[310811]|str[10012372367Buy1818180372252132E100.0RMB账户充值310811qq4133024462]|hmac[7acc55aa14b8838231e7d358eef49465]
2015-02-10 19:43:17|orderid[310811]|str[10012372367Buy1818180372252132E100.0RMB账户充值310811qq4133024462]|hmac[7acc55aa14b8838231e7d358eef49465]
2015-02-10 19:45:17|orderid[310811]|str[10012372367Buy1818180372252132E100.0RMB账户充值310811qq4133024462]|hmac[7acc55aa14b8838231e7d358eef49465]
2015-02-10 19:47:17|orderid[310811]|str[10012372367Buy1818180372252132E100.0RMB账户充值310811qq4133024462]|hmac[7acc55aa14b8838231e7d358eef49465]
2015-02-10 19:49:18|orderid[310811]|str[10012372367Buy1818180372252132E100.0RMB账户充值310811qq4133024462]|hmac[7acc55aa14b8838231e7d358eef49465]
2015-02-10 19:51:17|orderid[310811]|str[10012372367Buy1818180372252132E100.0RMB账户充值310811qq4133024462]|hmac[7acc55aa14b8838231e7d358eef49465]
2015-02-10 19:53:16|orderid[310811]|str[10012372367Buy1818180372252132E100.0RMB账户充值310811qq4133024462]|hmac[7acc55aa14b8838231e7d358eef49465]
2015-02-10 19:55:16|orderid[310811]|str[10012372367Buy1818180372252132E100.0RMB账户充值310811qq4133024462]|hmac[7acc55aa14b8838231e7d358eef49465]
2015-02-10 19:57:15|orderid[310811]|str[10012372367Buy1818180372252132E100.0RMB账户充值310811qq4133024462]|hmac[7acc55aa14b8838231e7d358eef49465]
2015-02-10 19:59:16|orderid[310811]|str[10012372367Buy1818180372252132E100.0RMB账户充值310811qq4133024462]|hmac[7acc55aa14b8838231e7d358eef49465]
2015-02-10 20:01:16|orderid[310811]|str[10012372367Buy1818180372252132E100.0RMB账户充值310811qq4133024462]|hmac[7acc55aa14b8838231e7d358eef49465]
2015-02-10 20:03:16|orderid[310811]|str[10012372367Buy1818180372252132E100.0RMB账户充值310811qq4133024462]|hmac[7acc55aa14b8838231e7d358eef49465]
2015-02-10 20:05:15|orderid[310811]|str[10012372367Buy1818180372252132E100.0RMB账户充值310811qq4133024462]|hmac[7acc55aa14b8838231e7d358eef49465]
2015-02-10 20:45:46|orderid[142016]|str[Buy10012372367142016114CNY账户充值订单http://tsinghuaren.net/yeepayss/callback.php0gaozi011]|hmac[11db34d8f2acce3d82cb6f1051c924bc]
2015-02-10 20:46:53|orderid[142016]|str[10012372367Buy1715207234412302I114.0RMB账户充值142016gaozi011]|hmac[93de9974858739e3505627a93427c28c]
2015-02-10 20:46:57|orderid[142016]|str[10012372367Buy1715207234412302I114.0RMB账户充值142016gaozi011]|hmac[93de9974858739e3505627a93427c28c]
2015-02-10 20:47:03|orderid[142016]|str[10012372367Buy1715207234412302I114.0RMB账户充值142016gaozi011]|hmac[93de9974858739e3505627a93427c28c]
2015-02-10 20:47:12|orderid[142016]|str[10012372367Buy1715207234412302I114.0RMB账户充值142016gaozi012]|hmac[a6fddb6b463a318556d0beffe255d877]
2015-02-10 20:47:20|orderid[142016]|str[10012372367Buy1715207234412302I114.0RMB账户充值142016gaozi012]|hmac[a6fddb6b463a318556d0beffe255d877]
2015-02-10 20:49:20|orderid[142016]|str[10012372367Buy1715207234412302I114.0RMB账户充值142016gaozi012]|hmac[a6fddb6b463a318556d0beffe255d877]
2015-02-10 20:51:19|orderid[142016]|str[10012372367Buy1715207234412302I114.0RMB账户充值142016gaozi012]|hmac[a6fddb6b463a318556d0beffe255d877]
2015-02-10 20:53:19|orderid[142016]|str[10012372367Buy1715207234412302I114.0RMB账户充值142016gaozi012]|hmac[a6fddb6b463a318556d0beffe255d877]
2015-02-10 20:55:19|orderid[142016]|str[10012372367Buy1715207234412302I114.0RMB账户充值142016gaozi012]|hmac[a6fddb6b463a318556d0beffe255d877]
2015-02-10 20:57:21|orderid[142016]|str[10012372367Buy1715207234412302I114.0RMB账户充值142016gaozi012]|hmac[a6fddb6b463a318556d0beffe255d877]
2015-02-10 20:59:17|orderid[142016]|str[10012372367Buy1715207234412302I114.0RMB账户充值142016gaozi012]|hmac[a6fddb6b463a318556d0beffe255d877]
2015-02-10 21:01:18|orderid[142016]|str[10012372367Buy1715207234412302I114.0RMB账户充值142016gaozi012]|hmac[a6fddb6b463a318556d0beffe255d877]
2015-02-10 21:03:17|orderid[142016]|str[10012372367Buy1715207234412302I114.0RMB账户充值142016gaozi012]|hmac[a6fddb6b463a318556d0beffe255d877]
2015-02-10 21:04:31|orderid[142016]|str[10012372367Buy1715207234412302I114.0RMB账户充值142016gaozi012]|hmac[a6fddb6b463a318556d0beffe255d877]
2015-02-10 21:05:23|orderid[784058]|str[Buy100123723677840581000CNY账户充值订单http://tsinghuaren.net/yeepayss/callback.php0gaozi011]|hmac[8c9e0c420db65601b86cbff0d9ded028]
2015-02-10 21:07:18|orderid[142016]|str[10012372367Buy1715207234412302I114.0RMB账户充值142016gaozi012]|hmac[a6fddb6b463a318556d0beffe255d877]
2015-02-10 21:09:17|orderid[142016]|str[10012372367Buy1715207234412302I114.0RMB账户充值142016gaozi012]|hmac[a6fddb6b463a318556d0beffe255d877]
2015-02-10 21:11:17|orderid[142016]|str[10012372367Buy1715207234412302I114.0RMB账户充值142016gaozi012]|hmac[a6fddb6b463a318556d0beffe255d877]
2015-02-10 21:13:16|orderid[142016]|str[10012372367Buy1715207234412302I114.0RMB账户充值142016gaozi012]|hmac[a6fddb6b463a318556d0beffe255d877]
2015-02-10 21:15:17|orderid[142016]|str[10012372367Buy1715207234412302I114.0RMB账户充值142016gaozi012]|hmac[a6fddb6b463a318556d0beffe255d877]
2015-02-10 21:17:16|orderid[142016]|str[10012372367Buy1715207234412302I114.0RMB账户充值142016gaozi012]|hmac[a6fddb6b463a318556d0beffe255d877]
2015-02-10 21:19:17|orderid[142016]|str[10012372367Buy1715207234412302I114.0RMB账户充值142016gaozi012]|hmac[a6fddb6b463a318556d0beffe255d877]
2015-02-10 21:19:43|orderid[749318]|str[Buy10012372367749318100CNY账户充值订单http://tsinghuaren.net/yeepayss/callback.php0chuang199109231]|hmac[9b81d3be1dc60123cad7697a7e5ec2ee]
2015-02-10 21:21:16|orderid[142016]|str[10012372367Buy1715207234412302I114.0RMB账户充值142016gaozi012]|hmac[a6fddb6b463a318556d0beffe255d877]
2015-02-10 21:22:28|orderid[142016]|str[10012372367Buy1715207234412302I114.0RMB账户充值142016gaozi012]|hmac[a6fddb6b463a318556d0beffe255d877]
2015-02-10 21:25:16|orderid[142016]|str[10012372367Buy1715207234412302I114.0RMB账户充值142016gaozi012]|hmac[a6fddb6b463a318556d0beffe255d877]
2015-02-11 12:36:31|orderid[261467]|str[Buy10012372367261467160CNY账户充值订单http://tsinghuaren.net/yeepayss/callback.php028585293931]|hmac[7686753c5f7b503b0e9bb030bec74792]
2015-02-11 14:53:08|orderid[243796]|str[Buy100123723672437962000CNY账户充值订单http://tsinghuaren.net/yeepayss/callback.php0gaozi011]|hmac[17c3fb0b556ec9e12912ee8350adc3de]
2015-02-11 14:54:09|orderid[936912]|str[Buy100123723679369121000CNY账户充值订单http://tsinghuaren.net/yeepayss/callback.php0gaozi011]|hmac[42e8b93796466aac0f988ea6921c35b8]
2015-02-11 14:55:38|orderid[936912]|str[10012372367Buy1218373510802322G1000.0RMB账户充值936912gaozi011]|hmac[f50f79d896a25ac0c7ba55a5341fe00f]
2015-02-11 14:55:55|orderid[936912]|str[10012372367Buy1218373510802322G1000.0RMB账户充值936912gaozi012]|hmac[a00ba9d9a74c8bac74cc7269f17b43de]
2015-02-11 14:57:18|orderid[936912]|str[10012372367Buy1218373510802322G1000.0RMB账户充值936912gaozi012]|hmac[a00ba9d9a74c8bac74cc7269f17b43de]
2015-02-11 14:59:17|orderid[936912]|str[10012372367Buy1218373510802322G1000.0RMB账户充值936912gaozi012]|hmac[a00ba9d9a74c8bac74cc7269f17b43de]
2015-02-11 15:01:17|orderid[936912]|str[10012372367Buy1218373510802322G1000.0RMB账户充值936912gaozi012]|hmac[a00ba9d9a74c8bac74cc7269f17b43de]
2015-02-11 15:03:17|orderid[936912]|str[10012372367Buy1218373510802322G1000.0RMB账户充值936912gaozi012]|hmac[a00ba9d9a74c8bac74cc7269f17b43de]
2015-02-11 15:05:20|orderid[936912]|str[10012372367Buy1218373510802322G1000.0RMB账户充值936912gaozi012]|hmac[a00ba9d9a74c8bac74cc7269f17b43de]
2015-02-11 15:06:30|orderid[936912]|str[10012372367Buy1218373510802322G1000.0RMB账户充值936912gaozi012]|hmac[a00ba9d9a74c8bac74cc7269f17b43de]
2015-02-11 15:09:17|orderid[936912]|str[10012372367Buy1218373510802322G1000.0RMB账户充值936912gaozi012]|hmac[a00ba9d9a74c8bac74cc7269f17b43de]
2015-02-11 15:11:17|orderid[936912]|str[10012372367Buy1218373510802322G1000.0RMB账户充值936912gaozi012]|hmac[a00ba9d9a74c8bac74cc7269f17b43de]
2015-02-11 15:13:16|orderid[936912]|str[10012372367Buy1218373510802322G1000.0RMB账户充值936912gaozi012]|hmac[a00ba9d9a74c8bac74cc7269f17b43de]
2015-02-11 15:15:16|orderid[936912]|str[10012372367Buy1218373510802322G1000.0RMB账户充值936912gaozi012]|hmac[a00ba9d9a74c8bac74cc7269f17b43de]
2015-02-11 15:17:16|orderid[936912]|str[10012372367Buy1218373510802322G1000.0RMB账户充值936912gaozi012]|hmac[a00ba9d9a74c8bac74cc7269f17b43de]
2015-02-11 15:19:15|orderid[936912]|str[10012372367Buy1218373510802322G1000.0RMB账户充值936912gaozi012]|hmac[a00ba9d9a74c8bac74cc7269f17b43de]
2015-02-11 15:21:16|orderid[936912]|str[10012372367Buy1218373510802322G1000.0RMB账户充值936912gaozi012]|hmac[a00ba9d9a74c8bac74cc7269f17b43de]
2015-02-11 15:23:15|orderid[936912]|str[10012372367Buy1218373510802322G1000.0RMB账户充值936912gaozi012]|hmac[a00ba9d9a74c8bac74cc7269f17b43de]
2015-02-11 15:25:15|orderid[936912]|str[10012372367Buy1218373510802322G1000.0RMB账户充值936912gaozi012]|hmac[a00ba9d9a74c8bac74cc7269f17b43de]
2015-02-11 15:27:15|orderid[936912]|str[10012372367Buy1218373510802322G1000.0RMB账户充值936912gaozi012]|hmac[a00ba9d9a74c8bac74cc7269f17b43de]
2015-02-11 15:29:15|orderid[936912]|str[10012372367Buy1218373510802322G1000.0RMB账户充值936912gaozi012]|hmac[a00ba9d9a74c8bac74cc7269f17b43de]
2015-02-11 15:31:15|orderid[936912]|str[10012372367Buy1218373510802322G1000.0RMB账户充值936912gaozi012]|hmac[a00ba9d9a74c8bac74cc7269f17b43de]
2015-02-11 15:33:16|orderid[936912]|str[10012372367Buy1218373510802322G1000.0RMB账户充值936912gaozi012]|hmac[a00ba9d9a74c8bac74cc7269f17b43de]
2015-02-11 15:35:15|orderid[936912]|str[10012372367Buy1218373510802322G1000.0RMB账户充值936912gaozi012]|hmac[a00ba9d9a74c8bac74cc7269f17b43de]
2015-02-11 15:35:23|orderid[548049]|str[Buy10012372367548049500CNY账户充值订单http://tsinghuaren.net/yeepayss/callback.php0a104891]|hmac[23816e48ddd4fd176504dcf60e0275ab]
2015-02-11 15:47:46|orderid[693367]|str[Buy10012372367693367100CNY账户充值订单http://tsinghuaren.net/yeepayss/callback.php0liuxing1]|hmac[fbbd3cc390a7b4170524e57d19241477]
2015-02-11 15:47:47|orderid[0]|str[Buy1001237236700CNY账户充值订单http://tsinghuaren.net/yeepayss/callback.php01]|hmac[35d1b07f27534858a591e75ef2eeaec7]
2015-02-11 16:36:52|orderid[422256]|str[Buy10012372367422256500CNY账户充值订单http://tsinghuaren.net/yeepayss/callback.php0a6649618811]|hmac[711ed8178dc010362cc72c753ee7d2f0]
2015-02-11 16:36:54|orderid[0]|str[Buy1001237236700CNY账户充值订单http://tsinghuaren.net/yeepayss/callback.php01]|hmac[35d1b07f27534858a591e75ef2eeaec7]
2015-02-11 16:37:05|orderid[422256]|str[Buy10012372367422256500CNY账户充值订单http://tsinghuaren.net/yeepayss/callback.php0a6649618811]|hmac[711ed8178dc010362cc72c753ee7d2f0]
2015-02-11 16:45:30|orderid[0]|str[Buy1001237236700CNY账户充值订单http://tsinghuaren.net/yeepayss/callback.php01]|hmac[35d1b07f27534858a591e75ef2eeaec7]
2015-02-11 16:45:40|orderid[876007]|str[Buy10012372367876007100CNY账户充值订单http://tsinghuaren.net/yeepayss/callback.php0xinyu10001]|hmac[13edfd965d5d3c60a265c556fb7ba281]
2015-02-11 17:31:33|orderid[467616]|str[Buy1001237236746761650000CNY账户充值订单http://tsinghuaren.net/yeepayss/callback.php0boos11]|hmac[eafb2edf5f8d9645dc8d3a8956a72899]
2015-02-11 19:41:19|orderid[394818]|str[Buy10012372367394818200CNY账户充值订单http://tsinghuaren.net/yeepayss/callback.php0GAOSAN1141]|hmac[c37da13f7721bbd4a395fb025846d17b]
2015-02-11 20:43:11|orderid[612142]|str[Buy10012372367612142200CNY账户充值订单http://tsinghuaren.net/yeepayss/callback.php0GAOSAN1141]|hmac[d5852acc70eecaec873cb7da9e505f73]
2015-02-11 22:56:15|orderid[842454]|str[Buy100123723678424545000CNY账户充值订单http://tsinghuaren.net/yeepayss/callback.php0yan4455661]|hmac[ba4ae9c104822f1bcff2e09b75fa5b77]